2018-04-21 14:00:45,915 INFO Start...
2018-04-21 14:00:45,917 INFO All tests passed.
2018-04-21 14:00:45,918 INFO find_naked_twins(): naked_twins_list... [['B2', 'F6'], ['F6', 'B2']]

2018-04-21 14:00:45,918 INFO box1 = B2

2018-04-21 14:00:45,918 INFO box2 = F6

2018-04-21 14:00:45,918 INFO naked_twins(): common_peers = {'I9', 'C3', 'F2', 'E5', 'B6', 'D4', 'G7', 'H8', 'A1'}

2018-04-21 14:00:45,919 INFO box1 : B2 these values : 57 will be removed from peer's value F2 : 125789

2018-04-21 14:00:45,919 INFO naked_twins(): k value = 5, peer = F2, and values in peer were = 125789
2018-04-21 14:00:45,919 INFO naked_twins(): now peer's value = 12789

2018-04-21 14:00:45,919 INFO naked_twins(): k value = 7, peer = F2, and values in peer were = 12789
2018-04-21 14:00:45,919 INFO naked_twins(): now peer's value = 1289

2018-04-21 14:00:45,919 INFO box1 : B2 these values : 57 will be removed from peer's value D4 : 457

2018-04-21 14:00:45,919 INFO naked_twins(): k value = 5, peer = D4, and values in peer were = 457
2018-04-21 14:00:45,919 INFO naked_twins(): now peer's value = 47

2018-04-21 14:00:45,919 INFO naked_twins(): k value = 7, peer = D4, and values in peer were = 47
2018-04-21 14:00:45,919 INFO naked_twins(): now peer's value = 4

2018-04-21 14:00:45,919 INFO box1 = F6

2018-04-21 14:00:45,919 INFO box2 = B2

2018-04-21 14:00:45,920 INFO naked_twins(): common_peers = {'I9', 'C3', 'F2', 'E5', 'B6', 'D4', 'G7', 'H8', 'A1'}

2018-04-21 14:00:45,920 INFO box1 : F6 these values : 57 will be removed from peer's value F2 : 1289

2018-04-21 14:00:45,920 INFO naked_twins(): k value = 5, peer = F2, and values in peer were = 1289
2018-04-21 14:00:45,920 INFO naked_twins(): now peer's value = 1289

2018-04-21 14:00:45,920 INFO naked_twins(): k value = 7, peer = F2, and values in peer were = 1289
2018-04-21 14:00:45,920 INFO naked_twins(): now peer's value = 1289

2018-04-21 14:00:45,920 INFO hidden_twins(): ALL CANDIDATES: ['G8', 'C7', 'A9', 'I3', 'C9', 'F8', 'I7', 'C1', 'G5', 'E8', 'A8', 'B3', 'F2', 'A4', 'I1', 'B1', 'D2', 'E6', 'D7', 'F3', 'B4', 'A3', 'H9', 'I4', 'I8', 'H7', 'G1', 'H6', 'I6', 'B2', 'G6', 'F5', 'A2', 'I5', 'C5', 'D9', 'F6', 'E4', 'E7', 'H1', 'B9', 'D1', 'E3', 'C2', 'A7', 'E2', 'D5', 'D8', 'H2', 'B5', 'F9', 'I2', 'G9', 'C6', 'H5', 'B8', 'A5', 'A6', 'G4', 'C4', 'F1']

2018-04-21 14:00:45,920 INFO hidden_twins() boxes: C7C5{'5', '3'}{'2', '5', '3', '8', '4'}

2018-04-21 14:00:45,920 INFO hidden_twins() boxes: C7C5{'5', '3'}

2018-04-21 14:00:45,920 INFO hidden_twins() boxes: C7A8{'5', '3'}{'1', '5', '6', '8', '9', '3', '4'}

2018-04-21 14:00:45,921 INFO hidden_twins() boxes: C7A8{'5', '3'}

2018-04-21 14:00:45,921 INFO hidden_twins() boxes: C7B8{'5', '3'}{'5', '1', '3', '4'}

2018-04-21 14:00:45,921 INFO hidden_twins() boxes: C7B8{'5', '3'}

2018-04-21 14:00:45,921 INFO hidden_twins() boxes: C7C2{'5', '3'}{'5', '6', '3', '9', '8'}

2018-04-21 14:00:45,921 INFO hidden_twins() boxes: C7C2{'5', '3'}

2018-04-21 14:00:45,921 INFO hidden_twins() boxes: C7A7{'5', '3'}{'5', '6', '1', '3', '9'}

2018-04-21 14:00:45,921 INFO hidden_twins() boxes: C7A7{'5', '3'}

2018-04-21 14:00:45,921 INFO hidden_twins() boxes: C7D7{'5', '3'}{'5', '1', '3', '9'}

2018-04-21 14:00:45,921 INFO hidden_twins() boxes: C7D7{'5', '3'}

2018-04-21 14:00:45,921 INFO hidden_twins() boxes: C7C6{'5', '3'}{'2', '5', '3', '9', '4'}

2018-04-21 14:00:45,921 INFO hidden_twins() boxes: C7C6{'5', '3'}

2018-04-21 14:00:45,922 INFO hidden_twins() boxes: C7C4{'5', '3'}{'5', '3', '9', '8', '4'}

2018-04-21 14:00:45,922 INFO hidden_twins() boxes: C7C4{'5', '3'}

2018-04-21 14:00:45,922 INFO hidden_twins() boxes: I1I4{'7', '1'}{'1', '5', '9', '8', '7', '4'}

2018-04-21 14:00:45,922 INFO hidden_twins() boxes: I1I4{'7', '1'}

2018-04-21 14:00:45,922 INFO hidden_twins() boxes: I1I6{'7', '1'}{'7', '5', '1', '9', '4'}

2018-04-21 14:00:45,922 INFO hidden_twins() boxes: I1I6{'7', '1'}

2018-04-21 14:00:45,922 INFO hidden_twins() boxes: I1H2{'7', '1'}{'7', '1', '3'}

2018-04-21 14:00:45,922 INFO hidden_twins() boxes: I1H2{'7', '1'}

2018-04-21 14:00:45,923 INFO hidden_twins() boxes: I1I7{'7', '1'}{'7', '5', '1', '6', '9'}

2018-04-21 14:00:45,923 INFO hidden_twins() boxes: I1I7{'7', '1'}

2018-04-21 14:00:45,923 INFO hidden_twins() boxes: I1D1{'7', '1'}{'7', '5', '1', '9', '4'}

2018-04-21 14:00:45,923 INFO hidden_twins() boxes: I1D1{'7', '1'}

2018-04-21 14:00:45,923 INFO hidden_twins() boxes: I1F1{'7', '1'}{'7', '5', '1', '9', '8'}

2018-04-21 14:00:45,923 INFO hidden_twins() boxes: I1F1{'7', '1'}

2018-04-21 14:00:45,923 INFO hidden_twins() boxes: I1I5{'7', '1'}{'1', '5', '6', '8', '7', '4'}

2018-04-21 14:00:45,923 INFO hidden_twins() boxes: I1I5{'7', '1'}

2018-04-21 14:00:45,923 INFO hidden_twins() boxes: I1I2{'7', '1'}{'1', '7', '6', '9', '8', '2'}

2018-04-21 14:00:45,923 INFO hidden_twins() boxes: I1I2{'7', '1'}

2018-04-21 14:00:45,923 INFO hidden_twins() boxes: I1G1{'7', '1'}{'7', '1', '6', '9'}

2018-04-21 14:00:45,924 INFO hidden_twins() boxes: I1G1{'7', '1'}

2018-04-21 14:00:45,924 INFO hidden_twins() boxes: I1H1{'7', '1'}{'7', '1', '6', '9', '8'}

2018-04-21 14:00:45,924 INFO hidden_twins() boxes: I1H1{'7', '1'}

2018-04-21 14:00:45,924 INFO hidden_twins() boxes: B2A2{'7', '5'}{'5', '6', '9', '8', '7', '3'}

2018-04-21 14:00:45,924 INFO hidden_twins() boxes: B2A2{'7', '5'}

2018-04-21 14:00:45,924 INFO hidden_twins() boxes: B2B1{'7', '5'}{'7', '5', '9', '8', '4'}

2018-04-21 14:00:45,924 INFO hidden_twins() boxes: B2B1{'7', '5'}

2018-04-21 14:00:45,924 INFO hidden_twins() boxes: B2D2{'7', '5'}{'2', '5', '1', '9', '7'}

2018-04-21 14:00:45,925 INFO hidden_twins() boxes: B2D2{'7', '5'}

2018-04-21 14:00:45,925 INFO hidden_twins() boxes: B2B5{'7', '5'}{'1', '5', '8', '7', '3', '4'}

2018-04-21 14:00:45,925 INFO hidden_twins() boxes: B2B5{'7', '5'}

2018-04-21 14:00:45,926 INFO hidden_twins() boxes: B2B4{'7', '5'}{'1', '5', '8', '9', '7', '3', '4'}

2018-04-21 14:00:45,926 INFO hidden_twins() boxes: B2B4{'7', '5'}

2018-04-21 14:00:45,926 INFO hidden_twins() boxes: F6A6{'7', '5'}{'1', '5', '9', '7', '3', '4'}

2018-04-21 14:00:45,927 INFO hidden_twins() boxes: F6A6{'7', '5'}

2018-04-21 14:00:45,927 INFO hidden_twins() boxes: F6F5{'7', '5'}{'2', '5', '1', '3', '7'}

2018-04-21 14:00:45,927 INFO hidden_twins() boxes: F6F5{'7', '5'}

2018-04-21 14:00:45,927 INFO hidden_twins() boxes: F6I6{'7', '5'}{'7', '5', '1', '9', '4'}

2018-04-21 14:00:45,927 INFO hidden_twins() boxes: F6I6{'7', '5'}

2018-04-21 14:00:45,927 INFO hidden_twins() boxes: F6F1{'7', '5'}{'7', '5', '1', '9', '8'}

2018-04-21 14:00:45,927 INFO hidden_twins() boxes: F6F1{'7', '5'}

2018-04-21 14:00:45,927 INFO hidden_twins() boxes: F6D5{'7', '5'}{'1', '7', '5', '2', '3', '4'}

2018-04-21 14:00:45,927 INFO hidden_twins() boxes: F6D5{'7', '5'}

2018-04-21 14:00:45,928 INFO hidden_twins() boxes: F6G6{'7', '5'}{'7', '5', '1', '3', '9'}

2018-04-21 14:00:45,928 INFO hidden_twins() boxes: F6G6{'7', '5'}

2018-04-21 14:00:45,930 INFO find_naked_twins(): naked_twins_list... [['B2', 'F6'], ['F6', 'B2']]

2018-04-21 14:00:45,930 INFO box1 = B2

2018-04-21 14:00:45,930 INFO box2 = F6

2018-04-21 14:00:45,930 INFO naked_twins(): common_peers = {'I9', 'C3', 'F2', 'E5', 'B6', 'D4', 'G7', 'H8', 'A1'}

2018-04-21 14:00:45,930 INFO box1 : B2 these values : 57 will be removed from peer's value F2 : 1289

2018-04-21 14:00:45,930 INFO naked_twins(): k value = 5, peer = F2, and values in peer were = 1289
2018-04-21 14:00:45,930 INFO naked_twins(): now peer's value = 1289

2018-04-21 14:00:45,930 INFO naked_twins(): k value = 7, peer = F2, and values in peer were = 1289
2018-04-21 14:00:45,931 INFO naked_twins(): now peer's value = 1289

2018-04-21 14:00:45,931 INFO box1 = F6

2018-04-21 14:00:45,931 INFO box2 = B2

2018-04-21 14:00:45,931 INFO naked_twins(): common_peers = {'I9', 'C3', 'F2', 'E5', 'B6', 'D4', 'G7', 'H8', 'A1'}

2018-04-21 14:00:45,931 INFO box1 : F6 these values : 57 will be removed from peer's value F2 : 1289

2018-04-21 14:00:45,931 INFO naked_twins(): k value = 5, peer = F2, and values in peer were = 1289
2018-04-21 14:00:45,931 INFO naked_twins(): now peer's value = 1289

2018-04-21 14:00:45,931 INFO naked_twins(): k value = 7, peer = F2, and values in peer were = 1289
2018-04-21 14:00:46,000 INFO naked_twins(): now peer's value = 1289

2018-04-21 14:00:46,001 INFO hidden_twins(): ALL CANDIDATES: ['G8', 'C7', 'A9', 'I3', 'F8', 'I7', 'C1', 'G5', 'E8', 'A8', 'B3', 'F2', 'A4', 'B1', 'D2', 'E6', 'D7', 'F3', 'B4', 'A3', 'I4', 'H7', 'G1', 'H6', 'I6', 'B2', 'G6', 'F5', 'A2', 'I5', 'C5', 'D9', 'F6', 'E4', 'H1', 'B9', 'D1', 'C2', 'A7', 'E2', 'D5', 'D8', 'B5', 'F9', 'I2', 'G9', 'C6', 'H5', 'B8', 'A5', 'A6', 'G4', 'C4', 'F1']

2018-04-21 14:00:46,001 INFO hidden_twins() boxes: C7C5{'5', '3'}{'2', '5', '3', '8', '4'}

2018-04-21 14:00:46,001 INFO hidden_twins() boxes: C7C5{'5', '3'}

2018-04-21 14:00:46,001 INFO hidden_twins() boxes: C7A8{'5', '3'}{'1', '5', '9', '8', '3', '4'}

2018-04-21 14:00:46,001 INFO hidden_twins() boxes: C7A8{'5', '3'}

2018-04-21 14:00:46,001 INFO hidden_twins() boxes: C7B8{'5', '3'}{'5', '1', '3', '4'}

2018-04-21 14:00:46,001 INFO hidden_twins() boxes: C7B8{'5', '3'}

2018-04-21 14:00:46,001 INFO hidden_twins() boxes: C7C2{'5', '3'}{'5', '6', '3', '9', '8'}

2018-04-21 14:00:46,002 INFO hidden_twins() boxes: C7C2{'5', '3'}

2018-04-21 14:00:46,002 INFO hidden_twins() boxes: C7A7{'5', '3'}{'5', '6', '1', '3', '9'}

2018-04-21 14:00:46,002 INFO hidden_twins() boxes: C7A7{'5', '3'}

2018-04-21 14:00:46,002 INFO hidden_twins() boxes: C7D7{'5', '3'}{'5', '1', '3', '9'}

2018-04-21 14:00:46,002 INFO hidden_twins() boxes: C7D7{'5', '3'}

2018-04-21 14:00:46,002 INFO hidden_twins() boxes: C7C6{'5', '3'}{'2', '5', '3', '9', '4'}

2018-04-21 14:00:46,002 INFO hidden_twins() boxes: C7C6{'5', '3'}

2018-04-21 14:00:46,002 INFO hidden_twins() boxes: C7C4{'5', '3'}{'5', '3', '9', '8'}

2018-04-21 14:00:46,002 INFO hidden_twins() boxes: C7C4{'5', '3'}

2018-04-21 14:00:46,003 INFO hidden_twins() boxes: B2A2{'7', '5'}{'5', '6', '9', '8', '7', '3'}

2018-04-21 14:00:46,003 INFO hidden_twins() boxes: B2A2{'7', '5'}

2018-04-21 14:00:46,003 INFO hidden_twins() boxes: B2B1{'7', '5'}{'7', '5', '9', '8', '4'}

2018-04-21 14:00:46,003 INFO hidden_twins() boxes: B2B1{'7', '5'}

2018-04-21 14:00:46,003 INFO hidden_twins() boxes: B2D2{'7', '5'}{'2', '5', '1', '9', '7'}

2018-04-21 14:00:46,003 INFO hidden_twins() boxes: B2D2{'7', '5'}

2018-04-21 14:00:46,003 INFO hidden_twins() boxes: B2B5{'7', '5'}{'1', '5', '8', '7', '3', '4'}

2018-04-21 14:00:46,003 INFO hidden_twins() boxes: B2B5{'7', '5'}

2018-04-21 14:00:46,004 INFO hidden_twins() boxes: B2B4{'7', '5'}{'1', '5', '9', '8', '7', '3'}

2018-04-21 14:00:46,004 INFO hidden_twins() boxes: B2B4{'7', '5'}

2018-04-21 14:00:46,004 INFO hidden_twins() boxes: F6A6{'7', '5'}{'1', '5', '9', '7', '3', '4'}

2018-04-21 14:00:46,004 INFO hidden_twins() boxes: F6A6{'7', '5'}

2018-04-21 14:00:46,004 INFO hidden_twins() boxes: F6F5{'7', '5'}{'2', '5', '1', '3', '7'}

2018-04-21 14:00:46,004 INFO hidden_twins() boxes: F6F5{'7', '5'}

2018-04-21 14:00:46,004 INFO hidden_twins() boxes: F6I6{'7', '5'}{'7', '5', '1', '9', '4'}

2018-04-21 14:00:46,004 INFO hidden_twins() boxes: F6I6{'7', '5'}

2018-04-21 14:00:46,004 INFO hidden_twins() boxes: F6F1{'7', '5'}{'7', '5', '1', '9', '8'}

2018-04-21 14:00:46,005 INFO hidden_twins() boxes: F6F1{'7', '5'}

2018-04-21 14:00:46,005 INFO hidden_twins() boxes: F6D5{'7', '5'}{'2', '5', '1', '3', '7'}

2018-04-21 14:00:46,005 INFO hidden_twins() boxes: F6D5{'7', '5'}

2018-04-21 14:00:46,005 INFO hidden_twins() boxes: F6G6{'7', '5'}{'7', '5', '1', '3', '9'}

2018-04-21 14:00:46,005 INFO hidden_twins() boxes: F6G6{'7', '5'}

2018-04-21 14:00:46,005 INFO hidden_twins() boxes: E4F5{'5', '1'}{'2', '5', '1', '3', '7'}

2018-04-21 14:00:46,005 INFO hidden_twins() boxes: E4F5{'5', '1'}

2018-04-21 14:00:46,005 INFO hidden_twins() boxes: E4I4{'5', '1'}{'7', '5', '1', '9', '8'}

2018-04-21 14:00:46,005 INFO hidden_twins() boxes: E4I4{'5', '1'}

2018-04-21 14:00:46,005 INFO hidden_twins() boxes: E4E8{'5', '1'}{'2', '5', '1', '8'}

2018-04-21 14:00:46,006 INFO hidden_twins() boxes: E4E8{'5', '1'}

2018-04-21 14:00:46,006 INFO hidden_twins() boxes: E4E2{'5', '1'}{'2', '5', '1', '8'}

2018-04-21 14:00:46,016 INFO hidden_twins() boxes: E4E2{'5', '1'}

2018-04-21 14:00:46,017 INFO hidden_twins() boxes: E4D5{'5', '1'}{'2', '5', '1', '3', '7'}

2018-04-21 14:00:46,017 INFO hidden_twins() boxes: E4D5{'5', '1'}

2018-04-21 14:00:46,017 INFO hidden_twins() boxes: E4A4{'5', '1'}{'1', '5', '9', '8', '7', '3'}

2018-04-21 14:00:46,017 INFO hidden_twins() boxes: E4A4{'5', '1'}

2018-04-21 14:00:46,017 INFO hidden_twins() boxes: E4E6{'5', '1'}{'2', '5', '1'}

2018-04-21 14:00:46,017 INFO hidden_twins() boxes: E4E6{'5', '1'}

2018-04-21 14:00:46,018 INFO hidden_twins() boxes: E4B4{'5', '1'}{'1', '5', '9', '8', '7', '3'}

2018-04-21 14:00:46,018 INFO hidden_twins() boxes: E4B4{'5', '1'}

2018-04-21 14:00:46,018 INFO hidden_twins() boxes: E4G4{'5', '1'}{'7', '5', '1', '3', '9'}

2018-04-21 14:00:46,018 INFO hidden_twins() boxes: E4G4{'5', '1'}

2018-04-21 14:00:46,021 INFO find_naked_twins(): naked_twins_list... [['B2', 'F6'], ['F6', 'B2']]

2018-04-21 14:00:46,021 INFO box1 = B2

2018-04-21 14:00:46,022 INFO box2 = F6

2018-04-21 14:00:46,022 INFO naked_twins(): common_peers = {'I9', 'C3', 'F2', 'E5', 'B6', 'D4', 'G7', 'H8', 'A1'}

2018-04-21 14:00:46,022 INFO box1 : B2 these values : 57 will be removed from peer's value F2 : 1289

2018-04-21 14:00:46,022 INFO naked_twins(): k value = 5, peer = F2, and values in peer were = 1289
2018-04-21 14:00:46,022 INFO naked_twins(): now peer's value = 1289

2018-04-21 14:00:46,022 INFO naked_twins(): k value = 7, peer = F2, and values in peer were = 1289
2018-04-21 14:00:46,022 INFO naked_twins(): now peer's value = 1289

2018-04-21 14:00:46,022 INFO box1 = F6

2018-04-21 14:00:46,022 INFO box2 = B2

2018-04-21 14:00:46,022 INFO naked_twins(): common_peers = {'I9', 'C3', 'F2', 'E5', 'B6', 'D4', 'G7', 'H8', 'A1'}

2018-04-21 14:00:46,022 INFO box1 : F6 these values : 57 will be removed from peer's value F2 : 1289

2018-04-21 14:00:46,022 INFO naked_twins(): k value = 5, peer = F2, and values in peer were = 1289
2018-04-21 14:00:46,023 INFO naked_twins(): now peer's value = 1289

2018-04-21 14:00:46,023 INFO naked_twins(): k value = 7, peer = F2, and values in peer were = 1289
2018-04-21 14:00:46,023 INFO naked_twins(): now peer's value = 1289

2018-04-21 14:00:46,023 INFO hidden_twins(): ALL CANDIDATES: ['G8', 'A9', 'I3', 'F8', 'I7', 'C1', 'G5', 'E8', 'A8', 'B3', 'F2', 'A4', 'B1', 'D2', 'E6', 'D7', 'F3', 'B4', 'A3', 'I4', 'H6', 'I6', 'B2', 'G6', 'F5', 'I5', 'C5', 'D9', 'F6', 'E4', 'H1', 'B9', 'D1', 'C2', 'A7', 'E2', 'D5', 'D8', 'B5', 'F9', 'I2', 'G9', 'C6', 'H5', 'A5', 'A6', 'G4', 'C4', 'F1']

2018-04-21 14:00:46,023 INFO hidden_twins() boxes: A9D9{'5', '1'}{'2', '5', '1', '9'}

2018-04-21 14:00:46,023 INFO hidden_twins() boxes: A9D9{'5', '1'}

2018-04-21 14:00:46,023 INFO hidden_twins() boxes: A9A8{'5', '1'}{'1', '5', '9', '8', '3', '4'}

2018-04-21 14:00:46,023 INFO hidden_twins() boxes: A9A8{'5', '1'}

2018-04-21 14:00:46,023 INFO hidden_twins() boxes: A9B9{'5', '1'}{'5', '1', '9', '8'}

2018-04-21 14:00:46,023 INFO hidden_twins() boxes: A9B9{'5', '1'}

2018-04-21 14:00:46,024 INFO hidden_twins() boxes: A9A7{'5', '1'}{'5', '1', '3', '9'}

2018-04-21 14:00:46,024 INFO hidden_twins() boxes: A9A7{'5', '1'}

2018-04-21 14:00:46,024 INFO hidden_twins() boxes: A9A4{'5', '1'}{'1', '5', '9', '8', '7', '3'}

2018-04-21 14:00:46,024 INFO hidden_twins() boxes: A9A4{'5', '1'}

2018-04-21 14:00:46,024 INFO hidden_twins() boxes: A9F9{'5', '1'}{'2', '5', '1', '9', '8'}

2018-04-21 14:00:46,024 INFO hidden_twins() boxes: A9F9{'5', '1'}

2018-04-21 14:00:46,024 INFO hidden_twins() boxes: A9G9{'5', '1'}{'5', '1', '9'}

2018-04-21 14:00:46,024 INFO hidden_twins() boxes: A9G9{'5', '1'}

2018-04-21 14:00:46,024 INFO hidden_twins() boxes: A9A5{'5', '1'}{'1', '5', '8', '7', '3', '4'}

2018-04-21 14:00:46,024 INFO hidden_twins() boxes: A9A5{'5', '1'}

2018-04-21 14:00:46,025 INFO hidden_twins() boxes: A9A6{'5', '1'}{'1', '5', '9', '7', '3', '4'}

2018-04-21 14:00:46,025 INFO hidden_twins() boxes: A9A6{'5', '1'}

2018-04-21 14:00:46,025 INFO hidden_twins() boxes: I3I4{'9', '8'}{'5', '1', '9', '8'}

2018-04-21 14:00:46,025 INFO hidden_twins() boxes: I3I4{'8', '9'}

2018-04-21 14:00:46,025 INFO hidden_twins() boxes: I3F3{'9', '8'}{'7', '9', '8'}

2018-04-21 14:00:46,025 INFO hidden_twins() boxes: I3F3{'8', '9'}

2018-04-21 14:00:46,025 INFO hidden_twins() boxes: I3I2{'9', '8'}{'1', '6', '9', '8'}

2018-04-21 14:00:46,025 INFO hidden_twins() boxes: I3I2{'8', '9'}

2018-04-21 14:00:46,026 INFO hidden_twins() boxes: I3A3{'9', '8'}{'7', '3', '9', '8'}

2018-04-21 14:00:46,026 INFO hidden_twins() boxes: I3A3{'8', '9'}

2018-04-21 14:00:46,026 INFO hidden_twins() boxes: I3B3{'9', '8'}{'7', '3', '9', '8'}

2018-04-21 14:00:46,026 INFO hidden_twins() boxes: I3B3{'8', '9'}

2018-04-21 14:00:46,026 INFO hidden_twins() boxes: I3H1{'9', '8'}{'1', '9', '8'}

2018-04-21 14:00:46,026 INFO hidden_twins() boxes: I3H1{'8', '9'}

2018-04-21 14:00:46,027 INFO hidden_twins() boxes: B2D2{'7', '5'}{'2', '5', '1', '9', '7'}

2018-04-21 14:00:46,027 INFO hidden_twins() boxes: B2D2{'7', '5'}

2018-04-21 14:00:46,033 INFO hidden_twins() boxes: B2B5{'7', '5'}{'1', '5', '8', '7', '3', '4'}

2018-04-21 14:00:46,033 INFO hidden_twins() boxes: B2B5{'7', '5'}

2018-04-21 14:00:46,033 INFO hidden_twins() boxes: B2B4{'7', '5'}{'1', '5', '9', '8', '7', '3'}

2018-04-21 14:00:46,033 INFO hidden_twins() boxes: B2B4{'7', '5'}

2018-04-21 14:00:46,033 INFO hidden_twins() boxes: F6A6{'7', '5'}{'1', '5', '9', '7', '3', '4'}

2018-04-21 14:00:46,033 INFO hidden_twins() boxes: F6A6{'7', '5'}

2018-04-21 14:00:46,033 INFO hidden_twins() boxes: F6F5{'7', '5'}{'2', '5', '1', '3', '7'}

2018-04-21 14:00:46,033 INFO hidden_twins() boxes: F6F5{'7', '5'}

2018-04-21 14:00:46,034 INFO hidden_twins() boxes: F6D5{'7', '5'}{'2', '5', '1', '3', '7'}

2018-04-21 14:00:46,034 INFO hidden_twins() boxes: F6D5{'7', '5'}

2018-04-21 14:00:46,034 INFO hidden_twins() boxes: F6G6{'7', '5'}{'7', '5', '1', '3', '9'}

2018-04-21 14:00:46,034 INFO hidden_twins() boxes: F6G6{'7', '5'}

2018-04-21 14:00:46,034 INFO hidden_twins() boxes: E4F5{'5', '1'}{'2', '5', '1', '3', '7'}

2018-04-21 14:00:46,034 INFO hidden_twins() boxes: E4F5{'5', '1'}

2018-04-21 14:00:46,034 INFO hidden_twins() boxes: E4I4{'5', '1'}{'5', '1', '9', '8'}

2018-04-21 14:00:46,034 INFO hidden_twins() boxes: E4I4{'5', '1'}

2018-04-21 14:00:46,034 INFO hidden_twins() boxes: E4E8{'5', '1'}{'5', '1', '8'}

2018-04-21 14:00:46,034 INFO hidden_twins() boxes: E4E8{'5', '1'}

2018-04-21 14:00:46,035 INFO hidden_twins() boxes: E4E2{'5', '1'}{'2', '5', '1', '8'}

2018-04-21 14:00:46,035 INFO hidden_twins() boxes: E4E2{'5', '1'}

2018-04-21 14:00:46,035 INFO hidden_twins() boxes: E4D5{'5', '1'}{'2', '5', '1', '3', '7'}

2018-04-21 14:00:46,035 INFO hidden_twins() boxes: E4D5{'5', '1'}

2018-04-21 14:00:46,035 INFO hidden_twins() boxes: E4A4{'5', '1'}{'1', '5', '9', '8', '7', '3'}

2018-04-21 14:00:46,035 INFO hidden_twins() boxes: E4A4{'5', '1'}

2018-04-21 14:00:46,035 INFO hidden_twins() boxes: E4E6{'5', '1'}{'2', '5', '1'}

2018-04-21 14:00:46,035 INFO hidden_twins() boxes: E4E6{'5', '1'}

2018-04-21 14:00:46,035 INFO hidden_twins() boxes: E4B4{'5', '1'}{'1', '5', '9', '8', '7', '3'}

2018-04-21 14:00:46,035 INFO hidden_twins() boxes: E4B4{'5', '1'}

2018-04-21 14:00:46,036 INFO hidden_twins() boxes: E4G4{'5', '1'}{'7', '5', '1', '3', '9'}

2018-04-21 14:00:46,036 INFO hidden_twins() boxes: E4G4{'5', '1'}

2018-04-21 14:00:46,038 INFO find_naked_twins(): naked_twins_list... [['B2', 'F6'], ['F6', 'B2']]

2018-04-21 14:00:46,038 INFO box1 = B2

2018-04-21 14:00:46,038 INFO box2 = F6

2018-04-21 14:00:46,038 INFO naked_twins(): common_peers = {'I9', 'C3', 'F2', 'E5', 'B6', 'D4', 'G7', 'H8', 'A1'}

2018-04-21 14:00:46,038 INFO box1 : B2 these values : 57 will be removed from peer's value F2 : 1289

2018-04-21 14:00:46,038 INFO naked_twins(): k value = 5, peer = F2, and values in peer were = 1289
2018-04-21 14:00:46,038 INFO naked_twins(): now peer's value = 1289

2018-04-21 14:00:46,038 INFO naked_twins(): k value = 7, peer = F2, and values in peer were = 1289
2018-04-21 14:00:46,038 INFO naked_twins(): now peer's value = 1289

2018-04-21 14:00:46,058 INFO box1 = F6

2018-04-21 14:00:46,058 INFO box2 = B2

2018-04-21 14:00:46,058 INFO naked_twins(): common_peers = {'I9', 'C3', 'F2', 'E5', 'B6', 'D4', 'G7', 'H8', 'A1'}

2018-04-21 14:00:46,058 INFO box1 : F6 these values : 57 will be removed from peer's value F2 : 1289

2018-04-21 14:00:46,058 INFO naked_twins(): k value = 5, peer = F2, and values in peer were = 1289
2018-04-21 14:00:46,058 INFO naked_twins(): now peer's value = 1289

2018-04-21 14:00:46,058 INFO naked_twins(): k value = 7, peer = F2, and values in peer were = 1289
2018-04-21 14:00:46,058 INFO naked_twins(): now peer's value = 1289

2018-04-21 14:00:46,058 INFO hidden_twins(): ALL CANDIDATES: ['G8', 'I3', 'F8', 'I7', 'G5', 'E8', 'A8', 'B3', 'F2', 'A4', 'B1', 'D2', 'E6', 'D7', 'F3', 'B4', 'A3', 'I4', 'H6', 'B2', 'G6', 'F5', 'C5', 'D9', 'F6', 'E4', 'H1', 'B9', 'D1', 'C2', 'A7', 'E2', 'D5', 'D8', 'B5', 'F9', 'I2', 'G9', 'C6', 'H5', 'A5', 'A6', 'G4', 'C4', 'F1']

2018-04-21 14:00:46,059 INFO hidden_twins() boxes: I3I4{'9', '8'}{'5', '1', '9', '8'}

2018-04-21 14:00:46,059 INFO hidden_twins() boxes: I3I4{'8', '9'}

2018-04-21 14:00:46,059 INFO hidden_twins() boxes: I3F3{'9', '8'}{'7', '9', '8'}

2018-04-21 14:00:46,059 INFO hidden_twins() boxes: I3F3{'8', '9'}

2018-04-21 14:00:46,059 INFO hidden_twins() boxes: I3I2{'9', '8'}{'1', '9', '8'}

2018-04-21 14:00:46,059 INFO hidden_twins() boxes: I3I2{'8', '9'}

2018-04-21 14:00:46,059 INFO hidden_twins() boxes: I3A3{'9', '8'}{'7', '3', '9', '8'}

2018-04-21 14:00:46,059 INFO hidden_twins() boxes: I3A3{'8', '9'}

2018-04-21 14:00:46,059 INFO hidden_twins() boxes: I3B3{'9', '8'}{'7', '3', '9', '8'}

2018-04-21 14:00:46,059 INFO hidden_twins() boxes: I3B3{'8', '9'}

2018-04-21 14:00:46,060 INFO hidden_twins() boxes: I3H1{'9', '8'}{'1', '9', '8'}

2018-04-21 14:00:46,060 INFO hidden_twins() boxes: I3H1{'8', '9'}

2018-04-21 14:00:46,060 INFO hidden_twins() boxes: I7I4{'1', '9'}{'5', '1', '9', '8'}

2018-04-21 14:00:46,060 INFO hidden_twins() boxes: I7I4{'1', '9'}

2018-04-21 14:00:46,060 INFO hidden_twins() boxes: I7A7{'1', '9'}{'1', '3', '9'}

2018-04-21 14:00:46,060 INFO hidden_twins() boxes: I7A7{'1', '9'}

2018-04-21 14:00:46,060 INFO hidden_twins() boxes: I7G8{'1', '9'}{'5', '1', '9'}

2018-04-21 14:00:46,060 INFO hidden_twins() boxes: I7G8{'1', '9'}

2018-04-21 14:00:46,060 INFO hidden_twins() boxes: I7D7{'1', '9'}{'1', '3', '9'}

2018-04-21 14:00:46,060 INFO hidden_twins() boxes: I7D7{'1', '9'}

2018-04-21 14:00:46,060 INFO hidden_twins() boxes: I7I2{'1', '9'}{'1', '9', '8'}

2018-04-21 14:00:46,061 INFO hidden_twins() boxes: I7I2{'1', '9'}

2018-04-21 14:00:46,061 INFO hidden_twins() boxes: I7G9{'1', '9'}{'5', '1', '9'}

2018-04-21 14:00:46,061 INFO hidden_twins() boxes: I7G9{'1', '9'}

2018-04-21 14:00:46,061 INFO hidden_twins() boxes: H6I4{'1', '9'}{'5', '1', '9', '8'}

2018-04-21 14:00:46,061 INFO hidden_twins() boxes: H6I4{'1', '9'}

2018-04-21 14:00:46,061 INFO hidden_twins() boxes: H6H1{'1', '9'}{'1', '9', '8'}

2018-04-21 14:00:46,061 INFO hidden_twins() boxes: H6H1{'1', '9'}

2018-04-21 14:00:46,062 INFO hidden_twins() boxes: H6G4{'1', '9'}{'7', '5', '1', '3', '9'}

2018-04-21 14:00:46,062 INFO hidden_twins() boxes: H6G4{'1', '9'}

2018-04-21 14:00:46,062 INFO hidden_twins() boxes: H6A6{'1', '9'}{'1', '5', '9', '7', '3', '4'}

2018-04-21 14:00:46,062 INFO hidden_twins() boxes: H6A6{'1', '9'}

2018-04-21 14:00:46,062 INFO hidden_twins() boxes: H6G6{'1', '9'}{'7', '5', '1', '3', '9'}

2018-04-21 14:00:46,062 INFO hidden_twins() boxes: H6G6{'1', '9'}

2018-04-21 14:00:46,062 INFO hidden_twins() boxes: B2D2{'7', '5'}{'2', '5', '1', '9', '7'}

2018-04-21 14:00:46,062 INFO hidden_twins() boxes: B2D2{'7', '5'}

2018-04-21 14:00:46,062 INFO hidden_twins() boxes: B2B5{'7', '5'}{'7', '5', '1', '3', '8'}

2018-04-21 14:00:46,062 INFO hidden_twins() boxes: B2B5{'7', '5'}

2018-04-21 14:00:46,062 INFO hidden_twins() boxes: B2B4{'7', '5'}{'1', '5', '9', '8', '7', '3'}

2018-04-21 14:00:46,063 INFO hidden_twins() boxes: B2B4{'7', '5'}

2018-04-21 14:00:46,063 INFO hidden_twins() boxes: F6A6{'7', '5'}{'1', '5', '9', '7', '3', '4'}

2018-04-21 14:00:46,063 INFO hidden_twins() boxes: F6A6{'7', '5'}

2018-04-21 14:00:46,063 INFO hidden_twins() boxes: F6F5{'7', '5'}{'2', '5', '1', '3', '7'}

2018-04-21 14:00:46,063 INFO hidden_twins() boxes: F6F5{'7', '5'}

2018-04-21 14:00:46,063 INFO hidden_twins() boxes: F6D5{'7', '5'}{'2', '5', '1', '3', '7'}

2018-04-21 14:00:46,063 INFO hidden_twins() boxes: F6D5{'7', '5'}

2018-04-21 14:00:46,063 INFO hidden_twins() boxes: F6G6{'7', '5'}{'7', '5', '1', '3', '9'}

2018-04-21 14:00:46,063 INFO hidden_twins() boxes: F6G6{'7', '5'}

2018-04-21 14:00:46,064 INFO hidden_twins() boxes: E4F5{'5', '1'}{'2', '5', '1', '3', '7'}

2018-04-21 14:00:46,064 INFO hidden_twins() boxes: E4F5{'5', '1'}

2018-04-21 14:00:46,064 INFO hidden_twins() boxes: E4I4{'5', '1'}{'5', '1', '9', '8'}

2018-04-21 14:00:46,064 INFO hidden_twins() boxes: E4I4{'5', '1'}

2018-04-21 14:00:46,064 INFO hidden_twins() boxes: E4E8{'5', '1'}{'5', '1', '8'}

2018-04-21 14:00:46,064 INFO hidden_twins() boxes: E4E8{'5', '1'}

2018-04-21 14:00:46,064 INFO hidden_twins() boxes: E4E2{'5', '1'}{'2', '5', '1', '8'}

2018-04-21 14:00:46,064 INFO hidden_twins() boxes: E4E2{'5', '1'}

2018-04-21 14:00:46,064 INFO hidden_twins() boxes: E4D5{'5', '1'}{'2', '5', '1', '3', '7'}

2018-04-21 14:00:46,064 INFO hidden_twins() boxes: E4D5{'5', '1'}

2018-04-21 14:00:46,065 INFO hidden_twins() boxes: E4A4{'5', '1'}{'1', '5', '9', '8', '7', '3'}

2018-04-21 14:00:46,065 INFO hidden_twins() boxes: E4A4{'5', '1'}

2018-04-21 14:00:46,065 INFO hidden_twins() boxes: E4E6{'5', '1'}{'2', '5', '1'}

2018-04-21 14:00:46,065 INFO hidden_twins() boxes: E4E6{'5', '1'}

2018-04-21 14:00:46,065 INFO hidden_twins() boxes: E4B4{'5', '1'}{'1', '5', '9', '8', '7', '3'}

2018-04-21 14:00:46,065 INFO hidden_twins() boxes: E4B4{'5', '1'}

2018-04-21 14:00:46,065 INFO hidden_twins() boxes: E4G4{'5', '1'}{'7', '5', '1', '3', '9'}

2018-04-21 14:00:46,065 INFO hidden_twins() boxes: E4G4{'5', '1'}

2018-04-21 14:00:46,065 INFO hidden_twins() boxes: C2F2{'9', '8'}{'2', '1', '9', '8'}

2018-04-21 14:00:46,065 INFO hidden_twins() boxes: C2F2{'8', '9'}

2018-04-21 14:00:46,066 INFO hidden_twins() boxes: C2B1{'9', '8'}{'5', '9', '8'}

2018-04-21 14:00:46,066 INFO hidden_twins() boxes: C2B1{'8', '9'}

2018-04-21 14:00:46,066 INFO hidden_twins() boxes: C2I2{'9', '8'}{'1', '9', '8'}

2018-04-21 14:00:46,066 INFO hidden_twins() boxes: C2I2{'8', '9'}

2018-04-21 14:00:46,066 INFO hidden_twins() boxes: C2A3{'9', '8'}{'7', '3', '9', '8'}

2018-04-21 14:00:46,066 INFO hidden_twins() boxes: C2A3{'8', '9'}

2018-04-21 14:00:46,066 INFO hidden_twins() boxes: C2B3{'9', '8'}{'7', '3', '9', '8'}

2018-04-21 14:00:46,066 INFO hidden_twins() boxes: C2B3{'8', '9'}

2018-04-21 14:00:46,066 INFO hidden_twins() boxes: C2C4{'9', '8'}{'3', '9', '8'}

2018-04-21 14:00:46,066 INFO hidden_twins() boxes: C2C4{'8', '9'}

2018-04-21 14:00:46,067 INFO hidden_twins() boxes: H5I4{'1', '8'}{'5', '1', '9', '8'}

2018-04-21 14:00:46,067 INFO hidden_twins() boxes: H5I4{'1', '8'}

2018-04-21 14:00:46,067 INFO hidden_twins() boxes: H5H1{'1', '8'}{'1', '9', '8'}

2018-04-21 14:00:46,067 INFO hidden_twins() boxes: H5H1{'1', '8'}

2018-04-21 14:00:46,067 INFO hidden_twins() boxes: H5B5{'1', '8'}{'7', '5', '1', '3', '8'}

2018-04-21 14:00:46,067 INFO hidden_twins() boxes: H5B5{'1', '8'}

2018-04-21 14:00:46,067 INFO hidden_twins() boxes: H5A5{'1', '8'}{'1', '5', '8', '7', '3', '4'}

2018-04-21 14:00:46,067 INFO hidden_twins() boxes: H5A5{'1', '8'}

2018-04-21 14:00:46,070 INFO find_naked_twins(): naked_twins_list... [['B2', 'F6'], ['F6', 'B2']]

2018-04-21 14:00:46,070 INFO box1 = B2

2018-04-21 14:00:46,070 INFO box2 = F6

2018-04-21 14:00:46,070 INFO naked_twins(): common_peers = {'I9', 'C3', 'F2', 'E5', 'B6', 'D4', 'G7', 'H8', 'A1'}

2018-04-21 14:00:46,070 INFO box1 : B2 these values : 57 will be removed from peer's value F2 : 1289

2018-04-21 14:00:46,070 INFO naked_twins(): k value = 5, peer = F2, and values in peer were = 1289
2018-04-21 14:00:46,070 INFO naked_twins(): now peer's value = 1289

2018-04-21 14:00:46,070 INFO naked_twins(): k value = 7, peer = F2, and values in peer were = 1289
2018-04-21 14:00:46,070 INFO naked_twins(): now peer's value = 1289

2018-04-21 14:00:46,070 INFO box1 = F6

2018-04-21 14:00:46,070 INFO box2 = B2

2018-04-21 14:00:46,071 INFO naked_twins(): common_peers = {'I9', 'C3', 'F2', 'E5', 'B6', 'D4', 'G7', 'H8', 'A1'}

2018-04-21 14:00:46,071 INFO box1 : F6 these values : 57 will be removed from peer's value F2 : 1289

2018-04-21 14:00:46,071 INFO naked_twins(): k value = 5, peer = F2, and values in peer were = 1289
2018-04-21 14:00:46,071 INFO naked_twins(): now peer's value = 1289

2018-04-21 14:00:46,071 INFO naked_twins(): k value = 7, peer = F2, and values in peer were = 1289
2018-04-21 14:00:46,071 INFO naked_twins(): now peer's value = 1289

2018-04-21 14:00:46,071 INFO hidden_twins(): ALL CANDIDATES: ['G8', 'I3', 'F8', 'I7', 'G5', 'E8', 'A8', 'B3', 'F2', 'A4', 'B1', 'D2', 'E6', 'D7', 'F3', 'B4', 'A3', 'H6', 'B2', 'G6', 'F5', 'C5', 'D9', 'F6', 'E4', 'H1', 'B9', 'D1', 'C2', 'A7', 'E2', 'D5', 'D8', 'B5', 'F9', 'I2', 'G9', 'C6', 'A6', 'G4', 'C4', 'F1']

2018-04-21 14:00:46,071 INFO hidden_twins() boxes: I3F3{'9', '8'}{'7', '9', '8'}

2018-04-21 14:00:46,071 INFO hidden_twins() boxes: I3F3{'8', '9'}

2018-04-21 14:00:46,071 INFO hidden_twins() boxes: I3I2{'9', '8'}{'1', '9', '8'}

2018-04-21 14:00:46,072 INFO hidden_twins() boxes: I3I2{'8', '9'}

2018-04-21 14:00:46,072 INFO hidden_twins() boxes: I3A3{'9', '8'}{'7', '3', '9', '8'}

2018-04-21 14:00:46,072 INFO hidden_twins() boxes: I3A3{'8', '9'}

2018-04-21 14:00:46,072 INFO hidden_twins() boxes: I3B3{'9', '8'}{'7', '3', '9', '8'}

2018-04-21 14:00:46,072 INFO hidden_twins() boxes: I3B3{'8', '9'}

2018-04-21 14:00:46,072 INFO hidden_twins() boxes: I3H1{'9', '8'}{'1', '9', '8'}

2018-04-21 14:00:46,072 INFO hidden_twins() boxes: I3H1{'8', '9'}

2018-04-21 14:00:46,072 INFO hidden_twins() boxes: I7G8{'1', '9'}{'5', '1', '9'}

2018-04-21 14:00:46,072 INFO hidden_twins() boxes: I7G8{'1', '9'}

2018-04-21 14:00:46,072 INFO hidden_twins() boxes: I7D7{'1', '9'}{'1', '3', '9'}

2018-04-21 14:00:46,072 INFO hidden_twins() boxes: I7D7{'1', '9'}

2018-04-21 14:00:46,073 INFO hidden_twins() boxes: I7I2{'1', '9'}{'1', '9', '8'}

2018-04-21 14:00:46,073 INFO hidden_twins() boxes: I7I2{'1', '9'}

2018-04-21 14:00:46,073 INFO hidden_twins() boxes: H6H1{'1', '9'}{'1', '9', '8'}

2018-04-21 14:00:46,073 INFO hidden_twins() boxes: H6H1{'1', '9'}

2018-04-21 14:00:46,073 INFO hidden_twins() boxes: H6G4{'1', '9'}{'7', '5', '1', '3', '9'}

2018-04-21 14:00:46,073 INFO hidden_twins() boxes: H6G4{'1', '9'}

2018-04-21 14:00:46,073 INFO hidden_twins() boxes: H6G6{'1', '9'}{'7', '5', '1', '3', '9'}

2018-04-21 14:00:46,073 INFO hidden_twins() boxes: H6G6{'1', '9'}

2018-04-21 14:00:46,074 INFO hidden_twins() boxes: B2D2{'7', '5'}{'2', '5', '1', '9', '7'}

2018-04-21 14:00:46,074 INFO hidden_twins() boxes: B2D2{'7', '5'}

2018-04-21 14:00:46,074 INFO hidden_twins() boxes: B2B5{'7', '5'}{'7', '5', '1', '3', '8'}

2018-04-21 14:00:46,074 INFO hidden_twins() boxes: B2B5{'7', '5'}

2018-04-21 14:00:46,074 INFO hidden_twins() boxes: B2B4{'7', '5'}{'1', '5', '9', '8', '7', '3'}

2018-04-21 14:00:46,074 INFO hidden_twins() boxes: B2B4{'7', '5'}

2018-04-21 14:00:46,074 INFO hidden_twins() boxes: F6A6{'7', '5'}{'7', '5', '3', '9'}

2018-04-21 14:00:46,074 INFO hidden_twins() boxes: F6A6{'7', '5'}

2018-04-21 14:00:46,074 INFO hidden_twins() boxes: F6F5{'7', '5'}{'2', '5', '1', '3', '7'}

2018-04-21 14:00:46,074 INFO hidden_twins() boxes: F6F5{'7', '5'}

2018-04-21 14:00:46,075 INFO hidden_twins() boxes: F6D5{'7', '5'}{'2', '5', '1', '3', '7'}

2018-04-21 14:00:46,075 INFO hidden_twins() boxes: F6D5{'7', '5'}

2018-04-21 14:00:46,075 INFO hidden_twins() boxes: F6G6{'7', '5'}{'7', '5', '1', '3', '9'}

2018-04-21 14:00:46,075 INFO hidden_twins() boxes: F6G6{'7', '5'}

2018-04-21 14:00:46,075 INFO hidden_twins() boxes: E4F5{'5', '1'}{'2', '5', '1', '3', '7'}

2018-04-21 14:00:46,075 INFO hidden_twins() boxes: E4F5{'5', '1'}

2018-04-21 14:00:46,075 INFO hidden_twins() boxes: E4E8{'5', '1'}{'5', '1', '8'}

2018-04-21 14:00:46,075 INFO hidden_twins() boxes: E4E8{'5', '1'}

2018-04-21 14:00:46,075 INFO hidden_twins() boxes: E4E2{'5', '1'}{'2', '5', '1', '8'}

2018-04-21 14:00:46,075 INFO hidden_twins() boxes: E4E2{'5', '1'}

2018-04-21 14:00:46,076 INFO hidden_twins() boxes: E4D5{'5', '1'}{'2', '5', '1', '3', '7'}

2018-04-21 14:00:46,076 INFO hidden_twins() boxes: E4D5{'5', '1'}

2018-04-21 14:00:46,076 INFO hidden_twins() boxes: E4E6{'5', '1'}{'2', '5', '1'}

2018-04-21 14:00:46,076 INFO hidden_twins() boxes: E4E6{'5', '1'}

2018-04-21 14:00:46,076 INFO hidden_twins() boxes: E4B4{'5', '1'}{'1', '5', '9', '8', '7', '3'}

2018-04-21 14:00:46,076 INFO hidden_twins() boxes: E4B4{'5', '1'}

2018-04-21 14:00:46,076 INFO hidden_twins() boxes: E4G4{'5', '1'}{'7', '5', '1', '3', '9'}

2018-04-21 14:00:46,076 INFO hidden_twins() boxes: E4G4{'5', '1'}

2018-04-21 14:00:46,076 INFO hidden_twins() boxes: B9A8{'9', '8'}{'3', '9', '8'}

2018-04-21 14:00:46,076 INFO hidden_twins() boxes: B9A8{'8', '9'}

2018-04-21 14:00:46,077 INFO hidden_twins() boxes: B9B1{'9', '8'}{'5', '9', '8'}

2018-04-21 14:00:46,077 INFO hidden_twins() boxes: B9B1{'8', '9'}

2018-04-21 14:00:46,077 INFO hidden_twins() boxes: B9F9{'9', '8'}{'2', '5', '9', '8'}

2018-04-21 14:00:46,077 INFO hidden_twins() boxes: B9F9{'8', '9'}

2018-04-21 14:00:46,077 INFO hidden_twins() boxes: B9B4{'9', '8'}{'1', '5', '9', '8', '7', '3'}

2018-04-21 14:00:46,077 INFO hidden_twins() boxes: B9B4{'8', '9'}

2018-04-21 14:00:46,077 INFO hidden_twins() boxes: B9B3{'9', '8'}{'7', '3', '9', '8'}

2018-04-21 14:00:46,077 INFO hidden_twins() boxes: B9B3{'8', '9'}

2018-04-21 14:00:46,077 INFO hidden_twins() boxes: C2F2{'9', '8'}{'2', '1', '9', '8'}

2018-04-21 14:00:46,077 INFO hidden_twins() boxes: C2F2{'8', '9'}

2018-04-21 14:00:46,077 INFO hidden_twins() boxes: C2B1{'9', '8'}{'5', '9', '8'}

2018-04-21 14:00:46,078 INFO hidden_twins() boxes: C2B1{'8', '9'}

2018-04-21 14:00:46,078 INFO hidden_twins() boxes: C2I2{'9', '8'}{'1', '9', '8'}

2018-04-21 14:00:46,078 INFO hidden_twins() boxes: C2I2{'8', '9'}

2018-04-21 14:00:46,078 INFO hidden_twins() boxes: C2A3{'9', '8'}{'7', '3', '9', '8'}

2018-04-21 14:00:46,078 INFO hidden_twins() boxes: C2A3{'8', '9'}

2018-04-21 14:00:46,078 INFO hidden_twins() boxes: C2B3{'9', '8'}{'7', '3', '9', '8'}

2018-04-21 14:00:46,078 INFO hidden_twins() boxes: C2B3{'8', '9'}

2018-04-21 14:00:46,078 INFO hidden_twins() boxes: C2C4{'9', '8'}{'3', '9', '8'}

2018-04-21 14:00:46,078 INFO hidden_twins() boxes: C2C4{'8', '9'}

2018-04-21 14:00:46,078 INFO hidden_twins() boxes: A7A8{'3', '9'}{'3', '9', '8'}

2018-04-21 14:00:46,079 INFO hidden_twins() boxes: A7A8{'3', '9'}

2018-04-21 14:00:46,079 INFO hidden_twins() boxes: A7A4{'3', '9'}{'7', '5', '3', '9', '8'}

2018-04-21 14:00:46,079 INFO hidden_twins() boxes: A7A4{'3', '9'}

2018-04-21 14:00:46,079 INFO hidden_twins() boxes: A7D7{'3', '9'}{'1', '3', '9'}

2018-04-21 14:00:46,079 INFO hidden_twins() boxes: A7D7{'3', '9'}

2018-04-21 14:00:46,079 INFO hidden_twins() boxes: A7A3{'3', '9'}{'7', '3', '9', '8'}

2018-04-21 14:00:46,079 INFO hidden_twins() boxes: A7A3{'3', '9'}

2018-04-21 14:00:46,079 INFO hidden_twins() boxes: A7A6{'3', '9'}{'7', '5', '3', '9'}

2018-04-21 14:00:46,079 INFO hidden_twins() boxes: A7A6{'3', '9'}

2018-04-21 14:00:46,080 INFO hidden_twins() boxes: G9D9{'5', '9'}{'2', '5', '9'}

2018-04-21 14:00:46,080 INFO hidden_twins() boxes: G9D9{'5', '9'}

2018-04-21 14:00:46,080 INFO hidden_twins() boxes: G9G6{'5', '9'}{'7', '5', '1', '3', '9'}

2018-04-21 14:00:46,080 INFO hidden_twins() boxes: G9G6{'5', '9'}

2018-04-21 14:00:46,080 INFO hidden_twins() boxes: G9G8{'5', '9'}{'5', '1', '9'}

2018-04-21 14:00:46,080 INFO hidden_twins() boxes: G9G8{'5', '9'}

2018-04-21 14:00:46,080 INFO hidden_twins() boxes: G9F9{'5', '9'}{'2', '5', '9', '8'}

2018-04-21 14:00:46,080 INFO hidden_twins() boxes: G9F9{'5', '9'}

2018-04-21 14:00:46,080 INFO hidden_twins() boxes: G9G4{'5', '9'}{'7', '5', '1', '3', '9'}

2018-04-21 14:00:46,080 INFO hidden_twins() boxes: G9G4{'5', '9'}

2018-04-21 14:00:46,082 INFO find_naked_twins(): naked_twins_list... [['H6', 'H1'], ['B2', 'F6'], ['F6', 'B2'], ['H1', 'H6']]

2018-04-21 14:00:46,082 INFO box1 = H6

2018-04-21 14:00:46,082 INFO box2 = H1

2018-04-21 14:00:46,082 INFO naked_twins(): common_peers = {'H4', 'H9', 'H2', 'H7', 'H5', 'H8', 'H3'}

2018-04-21 14:00:46,083 INFO box1 = B2

2018-04-21 14:00:46,083 INFO box2 = F6

2018-04-21 14:00:46,083 INFO naked_twins(): common_peers = {'I9', 'C3', 'F2', 'E5', 'B6', 'D4', 'G7', 'H8', 'A1'}

2018-04-21 14:00:46,083 INFO box1 : B2 these values : 57 will be removed from peer's value F2 : 1289

2018-04-21 14:00:46,083 INFO naked_twins(): k value = 5, peer = F2, and values in peer were = 1289
2018-04-21 14:00:46,083 INFO naked_twins(): now peer's value = 1289

2018-04-21 14:00:46,083 INFO naked_twins(): k value = 7, peer = F2, and values in peer were = 1289
2018-04-21 14:00:46,083 INFO naked_twins(): now peer's value = 1289

2018-04-21 14:00:46,083 INFO box1 = F6

2018-04-21 14:00:46,083 INFO box2 = B2

2018-04-21 14:00:46,083 INFO naked_twins(): common_peers = {'I9', 'C3', 'F2', 'E5', 'B6', 'D4', 'G7', 'H8', 'A1'}

2018-04-21 14:00:46,084 INFO box1 : F6 these values : 57 will be removed from peer's value F2 : 1289

2018-04-21 14:00:46,084 INFO naked_twins(): k value = 5, peer = F2, and values in peer were = 1289
2018-04-21 14:00:46,084 INFO naked_twins(): now peer's value = 1289

2018-04-21 14:00:46,084 INFO naked_twins(): k value = 7, peer = F2, and values in peer were = 1289
2018-04-21 14:00:46,084 INFO naked_twins(): now peer's value = 1289

2018-04-21 14:00:46,084 INFO box1 = H1

2018-04-21 14:00:46,084 INFO box2 = H6

2018-04-21 14:00:46,084 INFO naked_twins(): common_peers = {'H4', 'H9', 'H2', 'H7', 'H5', 'H8', 'H3'}

2018-04-21 14:00:46,084 INFO hidden_twins(): ALL CANDIDATES: ['G8', 'I3', 'F8', 'I7', 'G5', 'E8', 'A8', 'B3', 'F2', 'A4', 'B1', 'D2', 'E6', 'D7', 'F3', 'B4', 'A3', 'H6', 'B2', 'G6', 'F5', 'C5', 'D9', 'F6', 'H1', 'B9', 'D1', 'C2', 'A7', 'E2', 'D5', 'D8', 'B5', 'F9', 'I2', 'G9', 'C6', 'G4', 'C4', 'F1']

2018-04-21 14:00:46,084 INFO hidden_twins() boxes: I3F3{'9', '8'}{'7', '9', '8'}

2018-04-21 14:00:46,084 INFO hidden_twins() boxes: I3F3{'8', '9'}

2018-04-21 14:00:46,085 INFO hidden_twins() boxes: I3I2{'9', '8'}{'1', '9', '8'}

2018-04-21 14:00:46,085 INFO hidden_twins() boxes: I3I2{'8', '9'}

2018-04-21 14:00:46,085 INFO hidden_twins() boxes: I3A3{'9', '8'}{'7', '3', '9', '8'}

2018-04-21 14:00:46,085 INFO hidden_twins() boxes: I3A3{'8', '9'}

2018-04-21 14:00:46,085 INFO hidden_twins() boxes: I3B3{'9', '8'}{'7', '3', '9', '8'}

2018-04-21 14:00:46,085 INFO hidden_twins() boxes: I3B3{'8', '9'}

2018-04-21 14:00:46,085 INFO hidden_twins() boxes: I7G8{'1', '9'}{'5', '1', '9'}

2018-04-21 14:00:46,086 INFO hidden_twins() boxes: I7G8{'1', '9'}

2018-04-21 14:00:46,087 INFO hidden_twins() boxes: I7D7{'1', '9'}{'1', '3', '9'}

2018-04-21 14:00:46,087 INFO hidden_twins() boxes: I7D7{'1', '9'}

2018-04-21 14:00:46,087 INFO hidden_twins() boxes: I7I2{'1', '9'}{'1', '9', '8'}

2018-04-21 14:00:46,087 INFO hidden_twins() boxes: I7I2{'1', '9'}

2018-04-21 14:00:46,087 INFO hidden_twins() boxes: H6G4{'1', '9'}{'7', '1', '3', '9'}

2018-04-21 14:00:46,087 INFO hidden_twins() boxes: H6G4{'1', '9'}

2018-04-21 14:00:46,088 INFO hidden_twins() boxes: H6G6{'1', '9'}{'7', '1', '3', '9'}

2018-04-21 14:00:46,088 INFO hidden_twins() boxes: H6G6{'1', '9'}

2018-04-21 14:00:46,088 INFO hidden_twins() boxes: B2D2{'7', '5'}{'2', '5', '1', '9', '7'}

2018-04-21 14:00:46,088 INFO hidden_twins() boxes: B2D2{'7', '5'}

2018-04-21 14:00:46,088 INFO hidden_twins() boxes: B2B5{'7', '5'}{'7', '5', '1', '3'}

2018-04-21 14:00:46,088 INFO hidden_twins() boxes: B2B5{'7', '5'}

2018-04-21 14:00:46,088 INFO hidden_twins() boxes: C5F5{'2', '3'}{'2', '5', '1', '3', '7'}

2018-04-21 14:00:46,088 INFO hidden_twins() boxes: C5F5{'2', '3'}

2018-04-21 14:00:46,088 INFO hidden_twins() boxes: C5D5{'2', '3'}{'2', '5', '1', '3', '7'}

2018-04-21 14:00:46,088 INFO hidden_twins() boxes: C5D5{'2', '3'}

2018-04-21 14:00:46,089 INFO hidden_twins() boxes: C5C6{'2', '3'}{'2', '3', '9'}

2018-04-21 14:00:46,089 INFO hidden_twins() boxes: C5C6{'2', '3'}

2018-04-21 14:00:46,089 INFO hidden_twins() boxes: F6F5{'7', '5'}{'2', '5', '1', '3', '7'}

2018-04-21 14:00:46,089 INFO hidden_twins() boxes: F6F5{'7', '5'}

2018-04-21 14:00:46,089 INFO hidden_twins() boxes: F6D5{'7', '5'}{'2', '5', '1', '3', '7'}

2018-04-21 14:00:46,096 INFO hidden_twins() boxes: F6D5{'7', '5'}

2018-04-21 14:00:46,096 INFO hidden_twins() boxes: H1F1{'1', '9'}{'5', '1', '9', '8'}

2018-04-21 14:00:46,096 INFO hidden_twins() boxes: H1F1{'1', '9'}

2018-04-21 14:00:46,096 INFO hidden_twins() boxes: H1D1{'1', '9'}{'5', '1', '9'}

2018-04-21 14:00:46,096 INFO hidden_twins() boxes: H1D1{'1', '9'}

2018-04-21 14:00:46,096 INFO hidden_twins() boxes: H1I2{'1', '9'}{'1', '9', '8'}

2018-04-21 14:00:46,097 INFO hidden_twins() boxes: H1I2{'1', '9'}

2018-04-21 14:00:46,097 INFO hidden_twins() boxes: B9A8{'9', '8'}{'3', '9', '8'}

2018-04-21 14:00:46,097 INFO hidden_twins() boxes: B9A8{'8', '9'}

2018-04-21 14:00:46,097 INFO hidden_twins() boxes: B9B1{'9', '8'}{'5', '9', '8'}

2018-04-21 14:00:46,097 INFO hidden_twins() boxes: B9B1{'8', '9'}

2018-04-21 14:00:46,097 INFO hidden_twins() boxes: B9F9{'9', '8'}{'2', '5', '9', '8'}

2018-04-21 14:00:46,097 INFO hidden_twins() boxes: B9F9{'8', '9'}

2018-04-21 14:00:46,097 INFO hidden_twins() boxes: B9B4{'9', '8'}{'7', '1', '3', '9', '8'}

2018-04-21 14:00:46,097 INFO hidden_twins() boxes: B9B4{'8', '9'}

2018-04-21 14:00:46,098 INFO hidden_twins() boxes: B9B3{'9', '8'}{'7', '3', '9', '8'}

2018-04-21 14:00:46,098 INFO hidden_twins() boxes: B9B3{'8', '9'}

2018-04-21 14:00:46,098 INFO hidden_twins() boxes: C2F2{'9', '8'}{'2', '1', '9', '8'}

2018-04-21 14:00:46,098 INFO hidden_twins() boxes: C2F2{'8', '9'}

2018-04-21 14:00:46,098 INFO hidden_twins() boxes: C2B1{'9', '8'}{'5', '9', '8'}

2018-04-21 14:00:46,098 INFO hidden_twins() boxes: C2B1{'8', '9'}

2018-04-21 14:00:46,098 INFO hidden_twins() boxes: C2I2{'9', '8'}{'1', '9', '8'}

2018-04-21 14:00:46,098 INFO hidden_twins() boxes: C2I2{'8', '9'}

2018-04-21 14:00:46,098 INFO hidden_twins() boxes: C2A3{'9', '8'}{'7', '3', '9', '8'}

2018-04-21 14:00:46,098 INFO hidden_twins() boxes: C2A3{'8', '9'}

2018-04-21 14:00:46,098 INFO hidden_twins() boxes: C2B3{'9', '8'}{'7', '3', '9', '8'}

2018-04-21 14:00:46,099 INFO hidden_twins() boxes: C2B3{'8', '9'}

2018-04-21 14:00:46,099 INFO hidden_twins() boxes: C2C4{'9', '8'}{'3', '9', '8'}

2018-04-21 14:00:46,099 INFO hidden_twins() boxes: C2C4{'8', '9'}

2018-04-21 14:00:46,099 INFO hidden_twins() boxes: A7A8{'3', '9'}{'3', '9', '8'}

2018-04-21 14:00:46,099 INFO hidden_twins() boxes: A7A8{'3', '9'}

2018-04-21 14:00:46,099 INFO hidden_twins() boxes: A7A4{'3', '9'}{'7', '3', '9', '8'}

2018-04-21 14:00:46,099 INFO hidden_twins() boxes: A7A4{'3', '9'}

2018-04-21 14:00:46,099 INFO hidden_twins() boxes: A7D7{'3', '9'}{'1', '3', '9'}

2018-04-21 14:00:46,099 INFO hidden_twins() boxes: A7D7{'3', '9'}

2018-04-21 14:00:46,099 INFO hidden_twins() boxes: A7A3{'3', '9'}{'7', '3', '9', '8'}

2018-04-21 14:00:46,100 INFO hidden_twins() boxes: A7A3{'3', '9'}

2018-04-21 14:00:46,100 INFO hidden_twins() boxes: G9D9{'5', '9'}{'2', '5', '9'}

2018-04-21 14:00:46,100 INFO hidden_twins() boxes: G9D9{'5', '9'}

2018-04-21 14:00:46,100 INFO hidden_twins() boxes: G9G8{'5', '9'}{'5', '1', '9'}

2018-04-21 14:00:46,100 INFO hidden_twins() boxes: G9G8{'5', '9'}

2018-04-21 14:00:46,100 INFO hidden_twins() boxes: G9F9{'5', '9'}{'2', '5', '9', '8'}

2018-04-21 14:00:46,100 INFO hidden_twins() boxes: G9F9{'5', '9'}

2018-04-21 14:00:46,102 INFO find_naked_twins(): naked_twins_list... [['H6', 'H1'], ['H1', 'H6']]

2018-04-21 14:00:46,102 INFO box1 = H6

2018-04-21 14:00:46,102 INFO box2 = H1

2018-04-21 14:00:46,102 INFO naked_twins(): common_peers = {'H4', 'H9', 'H2', 'H7', 'H5', 'H8', 'H3'}

2018-04-21 14:00:46,102 INFO box1 = H1

2018-04-21 14:00:46,103 INFO box2 = H6

2018-04-21 14:00:46,103 INFO naked_twins(): common_peers = {'H4', 'H9', 'H2', 'H7', 'H5', 'H8', 'H3'}

2018-04-21 14:00:46,103 INFO hidden_twins(): ALL CANDIDATES: ['G8', 'I3', 'F8', 'I7', 'G5', 'E8', 'A8', 'B3', 'F2', 'A4', 'B1', 'D2', 'D7', 'F3', 'B4', 'A3', 'H6', 'G6', 'F5', 'C5', 'D9', 'H1', 'B9', 'D1', 'C2', 'A7', 'E2', 'D5', 'D8', 'F9', 'I2', 'G9', 'C6', 'G4', 'C4', 'F1']

2018-04-21 14:00:46,103 INFO hidden_twins() boxes: I3F3{'9', '8'}{'7', '9', '8'}

2018-04-21 14:00:46,103 INFO hidden_twins() boxes: I3F3{'8', '9'}

2018-04-21 14:00:46,103 INFO hidden_twins() boxes: I3I2{'9', '8'}{'1', '9', '8'}

2018-04-21 14:00:46,103 INFO hidden_twins() boxes: I3I2{'8', '9'}

2018-04-21 14:00:46,103 INFO hidden_twins() boxes: I3A3{'9', '8'}{'7', '3', '9', '8'}

2018-04-21 14:00:46,103 INFO hidden_twins() boxes: I3A3{'8', '9'}

2018-04-21 14:00:46,104 INFO hidden_twins() boxes: I3B3{'9', '8'}{'7', '3', '9', '8'}

2018-04-21 14:00:46,104 INFO hidden_twins() boxes: I3B3{'8', '9'}

2018-04-21 14:00:46,104 INFO hidden_twins() boxes: I7G8{'1', '9'}{'5', '1', '9'}

2018-04-21 14:00:46,104 INFO hidden_twins() boxes: I7G8{'1', '9'}

2018-04-21 14:00:46,104 INFO hidden_twins() boxes: I7D7{'1', '9'}{'1', '3', '9'}

2018-04-21 14:00:46,104 INFO hidden_twins() boxes: I7D7{'1', '9'}

2018-04-21 14:00:46,104 INFO hidden_twins() boxes: I7I2{'1', '9'}{'1', '9', '8'}

2018-04-21 14:00:46,104 INFO hidden_twins() boxes: I7I2{'1', '9'}

2018-04-21 14:00:46,104 INFO hidden_twins() boxes: E8F8{'5', '8'}{'5', '1', '3', '9', '8'}

2018-04-21 14:00:46,104 INFO hidden_twins() boxes: E8F8{'5', '8'}

2018-04-21 14:00:46,105 INFO hidden_twins() boxes: E8E2{'5', '8'}{'2', '5', '8'}

2018-04-21 14:00:46,105 INFO hidden_twins() boxes: E8E2{'5', '8'}

2018-04-21 14:00:46,105 INFO hidden_twins() boxes: E8F9{'5', '8'}{'2', '5', '9', '8'}

2018-04-21 14:00:46,105 INFO hidden_twins() boxes: E8F9{'5', '8'}

2018-04-21 14:00:46,105 INFO hidden_twins() boxes: H6G6{'1', '9'}{'7', '1', '3', '9'}

2018-04-21 14:00:46,105 INFO hidden_twins() boxes: H6G6{'1', '9'}

2018-04-21 14:00:46,105 INFO hidden_twins() boxes: C5F5{'2', '3'}{'2', '5', '3', '7'}

2018-04-21 14:00:46,105 INFO hidden_twins() boxes: C5F5{'2', '3'}

2018-04-21 14:00:46,106 INFO hidden_twins() boxes: C5D5{'2', '3'}{'2', '5', '3', '7'}

2018-04-21 14:00:46,106 INFO hidden_twins() boxes: C5D5{'2', '3'}

2018-04-21 14:00:46,106 INFO hidden_twins() boxes: C5C6{'2', '3'}{'2', '3', '9'}

2018-04-21 14:00:46,106 INFO hidden_twins() boxes: C5C6{'2', '3'}

2018-04-21 14:00:46,110 INFO hidden_twins() boxes: H1F1{'1', '9'}{'5', '1', '9', '8'}

2018-04-21 14:00:46,111 INFO hidden_twins() boxes: H1F1{'1', '9'}

2018-04-21 14:00:46,111 INFO hidden_twins() boxes: H1D1{'1', '9'}{'5', '1', '9'}

2018-04-21 14:00:46,111 INFO hidden_twins() boxes: H1D1{'1', '9'}

2018-04-21 14:00:46,111 INFO hidden_twins() boxes: H1I2{'1', '9'}{'1', '9', '8'}

2018-04-21 14:00:46,111 INFO hidden_twins() boxes: H1I2{'1', '9'}

2018-04-21 14:00:46,111 INFO hidden_twins() boxes: B9A8{'9', '8'}{'3', '9', '8'}

2018-04-21 14:00:46,111 INFO hidden_twins() boxes: B9A8{'8', '9'}

2018-04-21 14:00:46,111 INFO hidden_twins() boxes: B9B1{'9', '8'}{'5', '9', '8'}

2018-04-21 14:00:46,111 INFO hidden_twins() boxes: B9B1{'8', '9'}

2018-04-21 14:00:46,111 INFO hidden_twins() boxes: B9F9{'9', '8'}{'2', '5', '9', '8'}

2018-04-21 14:00:46,112 INFO hidden_twins() boxes: B9F9{'8', '9'}

2018-04-21 14:00:46,112 INFO hidden_twins() boxes: B9B4{'9', '8'}{'7', '3', '9', '8'}

2018-04-21 14:00:46,112 INFO hidden_twins() boxes: B9B4{'8', '9'}

2018-04-21 14:00:46,112 INFO hidden_twins() boxes: B9B3{'9', '8'}{'7', '3', '9', '8'}

2018-04-21 14:00:46,112 INFO hidden_twins() boxes: B9B3{'8', '9'}

2018-04-21 14:00:46,112 INFO hidden_twins() boxes: C2F2{'9', '8'}{'2', '1', '9', '8'}

2018-04-21 14:00:46,112 INFO hidden_twins() boxes: C2F2{'8', '9'}

2018-04-21 14:00:46,112 INFO hidden_twins() boxes: C2B1{'9', '8'}{'5', '9', '8'}

2018-04-21 14:00:46,112 INFO hidden_twins() boxes: C2B1{'8', '9'}

2018-04-21 14:00:46,112 INFO hidden_twins() boxes: C2I2{'9', '8'}{'1', '9', '8'}

2018-04-21 14:00:46,113 INFO hidden_twins() boxes: C2I2{'8', '9'}

2018-04-21 14:00:46,113 INFO hidden_twins() boxes: C2A3{'9', '8'}{'7', '3', '9', '8'}

2018-04-21 14:00:46,113 INFO hidden_twins() boxes: C2A3{'8', '9'}

2018-04-21 14:00:46,113 INFO hidden_twins() boxes: C2B3{'9', '8'}{'7', '3', '9', '8'}

2018-04-21 14:00:46,113 INFO hidden_twins() boxes: C2B3{'8', '9'}

2018-04-21 14:00:46,113 INFO hidden_twins() boxes: C2C4{'9', '8'}{'3', '9', '8'}

2018-04-21 14:00:46,113 INFO hidden_twins() boxes: C2C4{'8', '9'}

2018-04-21 14:00:46,113 INFO hidden_twins() boxes: A7A8{'3', '9'}{'3', '9', '8'}

2018-04-21 14:00:46,113 INFO hidden_twins() boxes: A7A8{'3', '9'}

2018-04-21 14:00:46,114 INFO hidden_twins() boxes: A7A4{'3', '9'}{'7', '3', '9', '8'}

2018-04-21 14:00:46,114 INFO hidden_twins() boxes: A7A4{'3', '9'}

2018-04-21 14:00:46,114 INFO hidden_twins() boxes: A7D7{'3', '9'}{'1', '3', '9'}

2018-04-21 14:00:46,114 INFO hidden_twins() boxes: A7D7{'3', '9'}

2018-04-21 14:00:46,114 INFO hidden_twins() boxes: A7A3{'3', '9'}{'7', '3', '9', '8'}

2018-04-21 14:00:46,114 INFO hidden_twins() boxes: A7A3{'3', '9'}

2018-04-21 14:00:46,114 INFO hidden_twins() boxes: G9D9{'5', '9'}{'2', '5', '9'}

2018-04-21 14:00:46,114 INFO hidden_twins() boxes: G9D9{'5', '9'}

2018-04-21 14:00:46,114 INFO hidden_twins() boxes: G9G8{'5', '9'}{'5', '1', '9'}

2018-04-21 14:00:46,115 INFO hidden_twins() boxes: G9G8{'5', '9'}

2018-04-21 14:00:46,115 INFO hidden_twins() boxes: G9F9{'5', '9'}{'2', '5', '9', '8'}

2018-04-21 14:00:46,115 INFO hidden_twins() boxes: G9F9{'5', '9'}

2018-04-21 14:00:46,117 INFO find_naked_twins(): naked_twins_list... [['I3', 'F3'], ['B1', 'B9'], ['B1', 'C2'], ['F3', 'I3'], ['H6', 'H1'], ['F5', 'D5'], ['H1', 'H6'], ['B9', 'B1'], ['C2', 'B1'], ['D5', 'F5']]

2018-04-21 14:00:46,117 INFO box1 = I3

2018-04-21 14:00:46,117 INFO box2 = F3

2018-04-21 14:00:46,117 INFO naked_twins(): common_peers = {'C3', 'D3', 'A3', 'B3', 'E3', 'H3', 'G3'}

2018-04-21 14:00:46,117 INFO box1 : I3 these values : 89 will be removed from peer's value A3 : 3789

2018-04-21 14:00:46,117 INFO naked_twins(): k value = 8, peer = A3, and values in peer were = 3789
2018-04-21 14:00:46,117 INFO naked_twins(): now peer's value = 379

2018-04-21 14:00:46,117 INFO naked_twins(): k value = 9, peer = A3, and values in peer were = 379
2018-04-21 14:00:46,118 INFO naked_twins(): now peer's value = 37

2018-04-21 14:00:46,118 INFO box1 : I3 these values : 89 will be removed from peer's value B3 : 3789

2018-04-21 14:00:46,118 INFO naked_twins(): k value = 8, peer = B3, and values in peer were = 3789
2018-04-21 14:00:46,118 INFO naked_twins(): now peer's value = 379

2018-04-21 14:00:46,118 INFO naked_twins(): k value = 9, peer = B3, and values in peer were = 379
2018-04-21 14:00:46,118 INFO naked_twins(): now peer's value = 37

2018-04-21 14:00:46,118 INFO box1 = B1

2018-04-21 14:00:46,118 INFO box2 = B9

2018-04-21 14:00:46,118 INFO naked_twins(): common_peers = {'B5', 'B4', 'B6', 'B8', 'B3', 'B2', 'B7'}

2018-04-21 14:00:46,118 INFO box1 : B1 these values : 89 will be removed from peer's value B4 : 3789

2018-04-21 14:00:46,118 INFO naked_twins(): k value = 8, peer = B4, and values in peer were = 3789
2018-04-21 14:00:46,119 INFO naked_twins(): now peer's value = 379

2018-04-21 14:00:46,119 INFO naked_twins(): k value = 9, peer = B4, and values in peer were = 379
2018-04-21 14:00:46,119 INFO naked_twins(): now peer's value = 37

2018-04-21 14:00:46,119 INFO box1 : B1 these values : 89 will be removed from peer's value B3 : 37

2018-04-21 14:00:46,120 INFO naked_twins(): k value = 8, peer = B3, and values in peer were = 37
2018-04-21 14:00:46,120 INFO naked_twins(): now peer's value = 37

2018-04-21 14:00:46,120 INFO naked_twins(): k value = 9, peer = B3, and values in peer were = 37
2018-04-21 14:00:46,120 INFO naked_twins(): now peer's value = 37

2018-04-21 14:00:46,120 INFO box1 = B1

2018-04-21 14:00:46,120 INFO box2 = C2

2018-04-21 14:00:46,120 INFO naked_twins(): common_peers = {'C1', 'C3', 'A3', 'A2', 'B3', 'A1', 'B2'}

2018-04-21 14:00:46,121 INFO box1 : B1 these values : 89 will be removed from peer's value A3 : 37

2018-04-21 14:00:46,121 INFO naked_twins(): k value = 8, peer = A3, and values in peer were = 37
2018-04-21 14:00:46,121 INFO naked_twins(): now peer's value = 37

2018-04-21 14:00:46,121 INFO naked_twins(): k value = 9, peer = A3, and values in peer were = 37
2018-04-21 14:00:46,121 INFO naked_twins(): now peer's value = 37

2018-04-21 14:00:46,121 INFO box1 : B1 these values : 89 will be removed from peer's value B3 : 37

2018-04-21 14:00:46,121 INFO naked_twins(): k value = 8, peer = B3, and values in peer were = 37
2018-04-21 14:00:46,121 INFO naked_twins(): now peer's value = 37

2018-04-21 14:00:46,121 INFO naked_twins(): k value = 9, peer = B3, and values in peer were = 37
2018-04-21 14:00:46,121 INFO naked_twins(): now peer's value = 37

2018-04-21 14:00:46,122 INFO box1 = F3

2018-04-21 14:00:46,122 INFO box2 = I3

2018-04-21 14:00:46,122 INFO naked_twins(): common_peers = {'C3', 'D3', 'A3', 'B3', 'E3', 'H3', 'G3'}

2018-04-21 14:00:46,122 INFO box1 : F3 these values : 89 will be removed from peer's value A3 : 37

2018-04-21 14:00:46,122 INFO naked_twins(): k value = 8, peer = A3, and values in peer were = 37
2018-04-21 14:00:46,122 INFO naked_twins(): now peer's value = 37

2018-04-21 14:00:46,122 INFO naked_twins(): k value = 9, peer = A3, and values in peer were = 37
2018-04-21 14:00:46,122 INFO naked_twins(): now peer's value = 37

2018-04-21 14:00:46,122 INFO box1 : F3 these values : 89 will be removed from peer's value B3 : 37

2018-04-21 14:00:46,122 INFO naked_twins(): k value = 8, peer = B3, and values in peer were = 37
2018-04-21 14:00:46,123 INFO naked_twins(): now peer's value = 37

2018-04-21 14:00:46,123 INFO naked_twins(): k value = 9, peer = B3, and values in peer were = 37
2018-04-21 14:00:46,123 INFO naked_twins(): now peer's value = 37

2018-04-21 14:00:46,123 INFO box1 = H6

2018-04-21 14:00:46,123 INFO box2 = H1

2018-04-21 14:00:46,123 INFO naked_twins(): common_peers = {'H4', 'H9', 'H2', 'H7', 'H5', 'H8', 'H3'}

2018-04-21 14:00:46,123 INFO box1 = F5

2018-04-21 14:00:46,123 INFO box2 = D5

2018-04-21 14:00:46,123 INFO naked_twins(): common_peers = {'B5', 'D6', 'E5', 'G5', 'C5', 'F6', 'E4', 'D4', 'H5', 'A5', 'F4', 'I5', 'E6'}

2018-04-21 14:00:46,124 INFO box1 = H1

2018-04-21 14:00:46,124 INFO box2 = H6

2018-04-21 14:00:46,124 INFO naked_twins(): common_peers = {'H4', 'H9', 'H2', 'H7', 'H5', 'H8', 'H3'}

2018-04-21 14:00:46,124 INFO box1 = B9

2018-04-21 14:00:46,124 INFO box2 = B1

2018-04-21 14:00:46,124 INFO naked_twins(): common_peers = {'B5', 'B4', 'B6', 'B8', 'B3', 'B2', 'B7'}

2018-04-21 14:00:46,124 INFO box1 : B9 these values : 89 will be removed from peer's value B4 : 37

2018-04-21 14:00:46,124 INFO naked_twins(): k value = 8, peer = B4, and values in peer were = 37
2018-04-21 14:00:46,124 INFO naked_twins(): now peer's value = 37

2018-04-21 14:00:46,124 INFO naked_twins(): k value = 9, peer = B4, and values in peer were = 37
2018-04-21 14:00:46,124 INFO naked_twins(): now peer's value = 37

2018-04-21 14:00:46,125 INFO box1 : B9 these values : 89 will be removed from peer's value B3 : 37

2018-04-21 14:00:46,125 INFO naked_twins(): k value = 8, peer = B3, and values in peer were = 37
2018-04-21 14:00:46,125 INFO naked_twins(): now peer's value = 37

2018-04-21 14:00:46,125 INFO naked_twins(): k value = 9, peer = B3, and values in peer were = 37
2018-04-21 14:00:46,125 INFO naked_twins(): now peer's value = 37

2018-04-21 14:00:46,125 INFO box1 = C2

2018-04-21 14:00:46,125 INFO box2 = B1

2018-04-21 14:00:46,125 INFO naked_twins(): common_peers = {'C1', 'C3', 'A3', 'A2', 'B3', 'A1', 'B2'}

2018-04-21 14:00:46,126 INFO box1 : C2 these values : 89 will be removed from peer's value A3 : 37

2018-04-21 14:00:46,126 INFO naked_twins(): k value = 8, peer = A3, and values in peer were = 37
2018-04-21 14:00:46,126 INFO naked_twins(): now peer's value = 37

2018-04-21 14:00:46,126 INFO naked_twins(): k value = 9, peer = A3, and values in peer were = 37
2018-04-21 14:00:46,126 INFO naked_twins(): now peer's value = 37

2018-04-21 14:00:46,126 INFO box1 : C2 these values : 89 will be removed from peer's value B3 : 37

2018-04-21 14:00:46,126 INFO naked_twins(): k value = 8, peer = B3, and values in peer were = 37
2018-04-21 14:00:46,126 INFO naked_twins(): now peer's value = 37

2018-04-21 14:00:46,126 INFO naked_twins(): k value = 9, peer = B3, and values in peer were = 37
2018-04-21 14:00:46,126 INFO naked_twins(): now peer's value = 37

2018-04-21 14:00:46,126 INFO box1 = D5

2018-04-21 14:00:46,127 INFO box2 = F5

2018-04-21 14:00:46,127 INFO naked_twins(): common_peers = {'B5', 'D6', 'E5', 'G5', 'C5', 'F6', 'E4', 'D4', 'H5', 'A5', 'F4', 'I5', 'E6'}

2018-04-21 14:00:46,127 INFO hidden_twins(): ALL CANDIDATES: ['G8', 'I3', 'F8', 'I7', 'A8', 'B3', 'A4', 'B1', 'D7', 'F3', 'B4', 'A3', 'H6', 'G6', 'F5', 'D9', 'H1', 'B9', 'D1', 'C2', 'A7', 'D5', 'D8', 'F9', 'I2', 'G9', 'C6', 'G4', 'C4', 'F1']

2018-04-21 14:00:46,127 INFO hidden_twins() boxes: I3I2{'9', '8'}{'1', '9', '8'}

2018-04-21 14:00:46,127 INFO hidden_twins() boxes: I3I2{'8', '9'}

2018-04-21 14:00:46,127 INFO hidden_twins() boxes: I7G8{'1', '9'}{'5', '1', '9'}

2018-04-21 14:00:46,127 INFO hidden_twins() boxes: I7G8{'1', '9'}

2018-04-21 14:00:46,128 INFO hidden_twins() boxes: I7D7{'1', '9'}{'1', '3', '9'}

2018-04-21 14:00:46,128 INFO hidden_twins() boxes: I7D7{'1', '9'}

2018-04-21 14:00:46,128 INFO hidden_twins() boxes: I7I2{'1', '9'}{'1', '9', '8'}

2018-04-21 14:00:46,128 INFO hidden_twins() boxes: I7I2{'1', '9'}

2018-04-21 14:00:46,128 INFO hidden_twins() boxes: B1F1{'9', '8'}{'5', '1', '9', '8'}

2018-04-21 14:00:46,128 INFO hidden_twins() boxes: B1F1{'8', '9'}

2018-04-21 14:00:46,129 INFO hidden_twins() boxes: F3F8{'9', '8'}{'5', '1', '3', '9', '8'}

2018-04-21 14:00:46,129 INFO hidden_twins() boxes: F3F8{'8', '9'}

2018-04-21 14:00:46,129 INFO hidden_twins() boxes: F3F1{'9', '8'}{'5', '1', '9', '8'}

2018-04-21 14:00:46,129 INFO hidden_twins() boxes: F3F1{'8', '9'}

2018-04-21 14:00:46,130 INFO hidden_twins() boxes: F3F9{'9', '8'}{'2', '5', '9', '8'}

2018-04-21 14:00:46,130 INFO hidden_twins() boxes: F3F9{'8', '9'}

2018-04-21 14:00:46,130 INFO hidden_twins() boxes: B4A4{'7', '3'}{'7', '3', '9', '8'}

2018-04-21 14:00:46,130 INFO hidden_twins() boxes: B4A4{'7', '3'}

2018-04-21 14:00:46,131 INFO hidden_twins() boxes: B4G4{'7', '3'}{'7', '3', '9'}

2018-04-21 14:00:46,131 INFO hidden_twins() boxes: B4G4{'7', '3'}

2018-04-21 14:00:46,131 INFO hidden_twins() boxes: A3A4{'7', '3'}{'7', '3', '9', '8'}

2018-04-21 14:00:46,131 INFO hidden_twins() boxes: A3A4{'7', '3'}

2018-04-21 14:00:46,132 INFO hidden_twins() boxes: H6G6{'1', '9'}{'1', '3', '9'}

2018-04-21 14:00:46,132 INFO hidden_twins() boxes: H6G6{'1', '9'}

2018-04-21 14:00:46,132 INFO hidden_twins() boxes: F5F8{'5', '3'}{'5', '1', '3', '9', '8'}

2018-04-21 14:00:46,133 INFO hidden_twins() boxes: F5F8{'5', '3'}

2018-04-21 14:00:46,133 INFO hidden_twins() boxes: H1F1{'1', '9'}{'5', '1', '9', '8'}

2018-04-21 14:00:46,133 INFO hidden_twins() boxes: H1F1{'1', '9'}

2018-04-21 14:00:46,133 INFO hidden_twins() boxes: H1D1{'1', '9'}{'5', '1', '9'}

2018-04-21 14:00:46,133 INFO hidden_twins() boxes: H1D1{'1', '9'}

2018-04-21 14:00:46,133 INFO hidden_twins() boxes: H1I2{'1', '9'}{'1', '9', '8'}

2018-04-21 14:00:46,133 INFO hidden_twins() boxes: H1I2{'1', '9'}

2018-04-21 14:00:46,133 INFO hidden_twins() boxes: B9A8{'9', '8'}{'3', '9', '8'}

2018-04-21 14:00:46,133 INFO hidden_twins() boxes: B9A8{'8', '9'}

2018-04-21 14:00:46,134 INFO hidden_twins() boxes: B9F9{'9', '8'}{'2', '5', '9', '8'}

2018-04-21 14:00:46,134 INFO hidden_twins() boxes: B9F9{'8', '9'}

2018-04-21 14:00:46,134 INFO hidden_twins() boxes: C2I2{'9', '8'}{'1', '9', '8'}

2018-04-21 14:00:46,134 INFO hidden_twins() boxes: C2I2{'8', '9'}

2018-04-21 14:00:46,134 INFO hidden_twins() boxes: C2C4{'9', '8'}{'3', '9', '8'}

2018-04-21 14:00:46,135 INFO hidden_twins() boxes: C2C4{'8', '9'}

2018-04-21 14:00:46,135 INFO hidden_twins() boxes: A7A8{'3', '9'}{'3', '9', '8'}

2018-04-21 14:00:46,135 INFO hidden_twins() boxes: A7A8{'3', '9'}

2018-04-21 14:00:46,135 INFO hidden_twins() boxes: A7A4{'3', '9'}{'7', '3', '9', '8'}

2018-04-21 14:00:46,135 INFO hidden_twins() boxes: A7A4{'3', '9'}

2018-04-21 14:00:46,135 INFO hidden_twins() boxes: A7D7{'3', '9'}{'1', '3', '9'}

2018-04-21 14:00:46,135 INFO hidden_twins() boxes: A7D7{'3', '9'}

2018-04-21 14:00:46,135 INFO hidden_twins() boxes: D5D8{'5', '3'}{'5', '1', '3', '9'}

2018-04-21 14:00:46,136 INFO hidden_twins() boxes: D5D8{'5', '3'}

2018-04-21 14:00:46,136 INFO hidden_twins() boxes: G9D9{'5', '9'}{'2', '5', '9'}

2018-04-21 14:00:46,136 INFO hidden_twins() boxes: G9D9{'5', '9'}

2018-04-21 14:00:46,136 INFO hidden_twins() boxes: G9G8{'5', '9'}{'5', '1', '9'}

2018-04-21 14:00:46,136 INFO hidden_twins() boxes: G9G8{'5', '9'}

2018-04-21 14:00:46,136 INFO hidden_twins() boxes: G9F9{'5', '9'}{'2', '5', '9', '8'}

2018-04-21 14:00:46,136 INFO hidden_twins() boxes: G9F9{'5', '9'}

2018-04-21 14:00:46,137 INFO hidden_twins() boxes: C6A4{'3', '9'}{'7', '3', '9', '8'}

2018-04-21 14:00:46,137 INFO hidden_twins() boxes: C6A4{'3', '9'}

2018-04-21 14:00:46,137 INFO hidden_twins() boxes: C6C4{'3', '9'}{'3', '9', '8'}

2018-04-21 14:00:46,137 INFO hidden_twins() boxes: C6C4{'3', '9'}

2018-04-21 14:00:46,137 INFO hidden_twins() boxes: C6G6{'3', '9'}{'1', '3', '9'}

2018-04-21 14:00:46,137 INFO hidden_twins() boxes: C6G6{'3', '9'}

2018-04-21 14:00:46,139 INFO find_naked_twins(): naked_twins_list... [['G8', 'I7'], ['I7', 'G8'], ['B3', 'B4'], ['B3', 'A3'], ['B4', 'B3'], ['A3', 'B3'], ['F5', 'D5'], ['B9', 'F9'], ['D5', 'F5'], ['F9', 'B9']]

2018-04-21 14:00:46,139 INFO box1 = G8

2018-04-21 14:00:46,139 INFO box2 = I7

2018-04-21 14:00:46,140 INFO naked_twins(): common_peers = {'I9', 'G9', 'H9', 'I8', 'H7', 'G7', 'H8'}

2018-04-21 14:00:46,140 INFO box1 = I7

2018-04-21 14:00:46,140 INFO box2 = G8

2018-04-21 14:00:46,140 INFO naked_twins(): common_peers = {'I9', 'G9', 'H9', 'I8', 'H7', 'G7', 'H8'}

2018-04-21 14:00:46,140 INFO box1 = B3

2018-04-21 14:00:46,140 INFO box2 = B4

2018-04-21 14:00:46,140 INFO naked_twins(): common_peers = {'B5', 'B6', 'B8', 'B9', 'B2', 'B1', 'B7'}

2018-04-21 14:00:46,140 INFO box1 : B3 these values : 37 will be removed from peer's value B9 : 89

2018-04-21 14:00:46,140 INFO naked_twins(): k value = 3, peer = B9, and values in peer were = 89
2018-04-21 14:00:46,140 INFO naked_twins(): now peer's value = 89

2018-04-21 14:00:46,140 INFO naked_twins(): k value = 7, peer = B9, and values in peer were = 89
2018-04-21 14:00:46,141 INFO naked_twins(): now peer's value = 89

2018-04-21 14:00:46,141 INFO box1 = B3

2018-04-21 14:00:46,141 INFO box2 = A3

2018-04-21 14:00:46,141 INFO naked_twins(): common_peers = {'I3', 'A1', 'C1', 'G3', 'D3', 'C3', 'A2', 'E3', 'C2', 'H3', 'B2', 'F3', 'B1'}

2018-04-21 14:00:46,141 INFO box1 = B4

2018-04-21 14:00:46,141 INFO box2 = B3

2018-04-21 14:00:46,141 INFO naked_twins(): common_peers = {'B5', 'B6', 'B8', 'B9', 'B2', 'B1', 'B7'}

2018-04-21 14:00:46,141 INFO box1 : B4 these values : 37 will be removed from peer's value B9 : 89

2018-04-21 14:00:46,141 INFO naked_twins(): k value = 3, peer = B9, and values in peer were = 89
2018-04-21 14:00:46,141 INFO naked_twins(): now peer's value = 89

2018-04-21 14:00:46,141 INFO naked_twins(): k value = 7, peer = B9, and values in peer were = 89
2018-04-21 14:00:46,141 INFO naked_twins(): now peer's value = 89

2018-04-21 14:00:46,142 INFO box1 = A3

2018-04-21 14:00:46,142 INFO box2 = B3

2018-04-21 14:00:46,142 INFO naked_twins(): common_peers = {'I3', 'A1', 'C1', 'C3', 'D3', 'F3', 'A2', 'E3', 'C2', 'H3', 'B2', 'G3', 'B1'}

2018-04-21 14:00:46,142 INFO box1 = F5

2018-04-21 14:00:46,142 INFO box2 = D5

2018-04-21 14:00:46,142 INFO naked_twins(): common_peers = {'B5', 'D6', 'E5', 'G5', 'C5', 'F6', 'E4', 'D4', 'H5', 'A5', 'F4', 'I5', 'E6'}

2018-04-21 14:00:46,142 INFO box1 = B9

2018-04-21 14:00:46,142 INFO box2 = F9

2018-04-21 14:00:46,142 INFO naked_twins(): common_peers = {'A9', 'I9', 'C9', 'G9', 'H9', 'D9', 'E9'}

2018-04-21 14:00:46,142 INFO box1 = D5

2018-04-21 14:00:46,142 INFO box2 = F5

2018-04-21 14:00:46,143 INFO naked_twins(): common_peers = {'B5', 'D6', 'E5', 'G5', 'C5', 'F6', 'E4', 'D4', 'H5', 'A5', 'F4', 'I5', 'E6'}

2018-04-21 14:00:46,143 INFO box1 = F9

2018-04-21 14:00:46,143 INFO box2 = B9

2018-04-21 14:00:46,143 INFO naked_twins(): common_peers = {'A9', 'I9', 'C9', 'G9', 'H9', 'D9', 'E9'}

2018-04-21 14:00:46,144 INFO hidden_twins(): ALL CANDIDATES: ['G8', 'F8', 'I7', 'A8', 'B3', 'A4', 'D7', 'B4', 'A3', 'H6', 'G6', 'F5', 'B9', 'D1', 'A7', 'D5', 'D8', 'F9', 'C6', 'G4', 'F1']

2018-04-21 14:00:46,144 INFO hidden_twins() boxes: G8F8{'1', '9'}{'1', '3', '9', '8'}

2018-04-21 14:00:46,144 INFO hidden_twins() boxes: G8F8{'1', '9'}

2018-04-21 14:00:46,144 INFO hidden_twins() boxes: G8G6{'1', '9'}{'1', '3', '9'}

2018-04-21 14:00:46,144 INFO hidden_twins() boxes: G8G6{'1', '9'}

2018-04-21 14:00:46,144 INFO hidden_twins() boxes: G8D8{'1', '9'}{'1', '3', '9'}

2018-04-21 14:00:46,144 INFO hidden_twins() boxes: G8D8{'1', '9'}

2018-04-21 14:00:46,145 INFO hidden_twins() boxes: I7D7{'1', '9'}{'1', '3', '9'}

2018-04-21 14:00:46,145 INFO hidden_twins() boxes: I7D7{'1', '9'}

2018-04-21 14:00:46,145 INFO hidden_twins() boxes: B4A4{'7', '3'}{'7', '3', '9', '8'}

2018-04-21 14:00:46,145 INFO hidden_twins() boxes: B4A4{'7', '3'}

2018-04-21 14:00:46,145 INFO hidden_twins() boxes: A3A4{'7', '3'}{'7', '3', '9', '8'}

2018-04-21 14:00:46,145 INFO hidden_twins() boxes: A3A4{'7', '3'}

2018-04-21 14:00:46,145 INFO hidden_twins() boxes: H6G6{'1', '9'}{'1', '3', '9'}

2018-04-21 14:00:46,146 INFO hidden_twins() boxes: H6G6{'1', '9'}

2018-04-21 14:00:46,146 INFO hidden_twins() boxes: B9A8{'9', '8'}{'3', '9', '8'}

2018-04-21 14:00:46,146 INFO hidden_twins() boxes: B9A8{'8', '9'}

2018-04-21 14:00:46,146 INFO hidden_twins() boxes: A7A8{'3', '9'}{'3', '9', '8'}

2018-04-21 14:00:46,146 INFO hidden_twins() boxes: A7A8{'3', '9'}

2018-04-21 14:00:46,146 INFO hidden_twins() boxes: A7A4{'3', '9'}{'7', '3', '9', '8'}

2018-04-21 14:00:46,146 INFO hidden_twins() boxes: A7A4{'3', '9'}

2018-04-21 14:00:46,146 INFO hidden_twins() boxes: A7D7{'3', '9'}{'1', '3', '9'}

2018-04-21 14:00:46,147 INFO hidden_twins() boxes: A7D7{'3', '9'}

2018-04-21 14:00:46,147 INFO hidden_twins() boxes: F9F8{'9', '8'}{'1', '3', '9', '8'}

2018-04-21 14:00:46,147 INFO hidden_twins() boxes: F9F8{'8', '9'}

2018-04-21 14:00:46,147 INFO hidden_twins() boxes: C6A4{'3', '9'}{'7', '3', '9', '8'}

2018-04-21 14:00:46,147 INFO hidden_twins() boxes: C6A4{'3', '9'}

2018-04-21 14:00:46,147 INFO hidden_twins() boxes: C6G6{'3', '9'}{'1', '3', '9'}

2018-04-21 14:00:46,147 INFO hidden_twins() boxes: C6G6{'3', '9'}

2018-04-21 14:00:46,147 INFO hidden_twins() boxes: G4G6{'3', '9'}{'1', '3', '9'}

2018-04-21 14:00:46,148 INFO hidden_twins() boxes: G4G6{'3', '9'}

2018-04-21 14:00:46,148 INFO hidden_twins() boxes: G4A4{'3', '9'}{'7', '3', '9', '8'}

2018-04-21 14:00:46,148 INFO hidden_twins() boxes: G4A4{'3', '9'}

2018-04-21 14:00:46,150 INFO find_naked_twins(): naked_twins_list... [['B3', 'B4'], ['B3', 'A3'], ['B4', 'B3'], ['A3', 'B3'], ['F5', 'D5'], ['D1', 'F1'], ['D5', 'F5'], ['F1', 'D1']]

2018-04-21 14:00:46,151 INFO box1 = B3

2018-04-21 14:00:46,151 INFO box2 = B4

2018-04-21 14:00:46,151 INFO naked_twins(): common_peers = {'B5', 'B6', 'B8', 'B9', 'B2', 'B1', 'B7'}

2018-04-21 14:00:46,151 INFO box1 = B3

2018-04-21 14:00:46,151 INFO box2 = A3

2018-04-21 14:00:46,151 INFO naked_twins(): common_peers = {'I3', 'A1', 'C1', 'G3', 'D3', 'C3', 'A2', 'E3', 'C2', 'H3', 'B2', 'F3', 'B1'}

2018-04-21 14:00:46,151 INFO box1 = B4

2018-04-21 14:00:46,151 INFO box2 = B3

2018-04-21 14:00:46,151 INFO naked_twins(): common_peers = {'B5', 'B6', 'B8', 'B9', 'B2', 'B1', 'B7'}

2018-04-21 14:00:46,151 INFO box1 = A3

2018-04-21 14:00:46,152 INFO box2 = B3

2018-04-21 14:00:46,152 INFO naked_twins(): common_peers = {'I3', 'A1', 'C1', 'C3', 'D3', 'F3', 'A2', 'E3', 'C2', 'H3', 'B2', 'G3', 'B1'}

2018-04-21 14:00:46,152 INFO box1 = F5

2018-04-21 14:00:46,152 INFO box2 = D5

2018-04-21 14:00:46,152 INFO naked_twins(): common_peers = {'B5', 'D6', 'E5', 'G5', 'C5', 'F6', 'E4', 'D4', 'H5', 'A5', 'F4', 'I5', 'E6'}

2018-04-21 14:00:46,152 INFO box1 = D1

2018-04-21 14:00:46,152 INFO box2 = F1

2018-04-21 14:00:46,152 INFO naked_twins(): common_peers = {'C1', 'E1', 'F2', 'D3', 'G1', 'E3', 'H1', 'A1', 'E2', 'F3', 'I1', 'B1', 'D2'}

2018-04-21 14:00:46,152 INFO box1 = D5

2018-04-21 14:00:46,152 INFO box2 = F5

2018-04-21 14:00:46,152 INFO naked_twins(): common_peers = {'B5', 'D6', 'E5', 'G5', 'C5', 'F6', 'E4', 'D4', 'H5', 'A5', 'F4', 'I5', 'E6'}

2018-04-21 14:00:46,153 INFO box1 = F1

2018-04-21 14:00:46,153 INFO box2 = D1

2018-04-21 14:00:46,153 INFO naked_twins(): common_peers = {'C1', 'E1', 'D3', 'F2', 'G1', 'E3', 'H1', 'A1', 'E2', 'F3', 'I1', 'B1', 'D2'}

2018-04-21 14:00:46,153 INFO hidden_twins(): ALL CANDIDATES: ['F8', 'B3', 'B4', 'A3', 'F5', 'D1', 'D5', 'F1']

2018-04-21 14:00:46,155 INFO find_naked_twins(): naked_twins_list... []

2018-04-21 14:00:46,155 INFO hidden_twins(): ALL CANDIDATES: []

2018-04-21 14:00:46,157 INFO find_naked_twins(): naked_twins_list... []

2018-04-21 14:00:46,157 INFO hidden_twins(): ALL CANDIDATES: []

2018-04-21 14:00:46,166 INFO Exit
